2021-04-09 09:37:44,285:INFO:PyCaret Supervised Module
2021-04-09 09:37:44,285:INFO:ML Usecase: classification
2021-04-09 09:37:44,285:INFO:version 2.3.0
2021-04-09 09:37:44,285:INFO:Initializing setup()
2021-04-09 09:37:44,285:INFO:setup(target=Purchase, ml_usecase=classification, available_plots={'parameter': 'Hyperparameters', 'auc': 'AUC', 'confusion_matrix': 'Confusion Matrix', 'threshold': 'Threshold', 'pr': 'Precision Recall', 'error': 'Prediction Error', 'class_report': 'Class Report', 'rfe': 'Feature Selection', 'learning': 'Learning Curve', 'manifold': 'Manifold Learning', 'calibration': 'Calibration Curve', 'vc': 'Validation Curve', 'dimension': 'Dimensions', 'feature': 'Feature Importance', 'feature_all': 'Feature Importance (All)', 'boundary': 'Decision Boundary', 'lift': 'Lift Chart', 'gain': 'Gain Chart', 'tree': 'Decision Tree'}, train_size=0.7, test_data=None, preprocess=True, imputation_type=simple, iterative_imputation_iters=5, categorical_features=None, categorical_imputation=constant, categorical_iterative_imputer=lightgbm, ordinal_features=None, high_cardinality_features=None, high_cardinality_method=frequency, numeric_features=None, numeric_imputation=mean, numeric_iterative_imputer=lightgbm, date_features=None, ignore_features=None, normalize=False, normalize_method=zscore, transformation=False, transformation_method=yeo-johnson, handle_unknown_categorical=True, unknown_categorical_method=least_frequent, pca=False, pca_method=linear, pca_components=None, ignore_low_variance=False, combine_rare_levels=False, rare_level_threshold=0.1, bin_numeric_features=None, remove_outliers=False, outliers_threshold=0.05, remove_multicollinearity=False, multicollinearity_threshold=0.9, remove_perfect_collinearity=True, create_clusters=False, cluster_iter=20, polynomial_features=False, polynomial_degree=2, trigonometry_features=False, polynomial_threshold=0.1, group_features=None, group_names=None, feature_selection=False, feature_selection_threshold=0.8, feature_selection_method=classic, feature_interaction=False, feature_ratio=False, interaction_threshold=0.01, fix_imbalance=False, fix_imbalance_method=None, transform_target=False, transform_target_method=box-cox, data_split_shuffle=True, data_split_stratify=False, fold_strategy=stratifiedkfold, fold=10, fold_shuffle=False, fold_groups=None, n_jobs=-1, use_gpu=False, custom_pipeline=None, html=True, session_id=None, log_experiment=False, experiment_name=None, log_plots=False, log_profile=False, log_data=False, silent=False, verbose=True, profile=False, profile_kwargs=None, display=None)
2021-04-09 09:37:44,293:INFO:Checking environment
2021-04-09 09:37:44,293:INFO:python_version: 3.7.7
2021-04-09 09:37:44,293:INFO:python_build: ('default', 'May  6 2020 11:45:54')
2021-04-09 09:37:44,293:INFO:machine: AMD64
2021-04-09 09:37:44,293:INFO:platform: Windows-10-10.0.19041-SP0
2021-04-09 09:37:44,293:INFO:Memory: svmem(total=33840140288, available=23957045248, percent=29.2, used=9883095040, free=23957045248)
2021-04-09 09:37:44,293:INFO:Physical Core: 6
2021-04-09 09:37:44,293:INFO:Logical Core: 12
2021-04-09 09:37:44,293:INFO:Checking libraries
2021-04-09 09:37:44,293:INFO:pd==1.2.3
2021-04-09 09:37:44,293:INFO:numpy==1.19.5
2021-04-09 09:37:44,293:INFO:sklearn==0.24.1
2021-04-09 09:37:44,293:INFO:lightgbm==2.3.1
2021-04-09 09:37:44,429:INFO:catboost==0.25.1
2021-04-09 09:37:44,768:INFO:xgboost==1.1.1
2021-04-09 09:37:45,487:INFO:mlflow==1.15.0
2021-04-09 09:37:45,487:INFO:Checking Exceptions
2021-04-09 09:37:45,487:INFO:Declaring global variables
2021-04-09 09:37:45,487:INFO:USI: c857
2021-04-09 09:37:45,487:INFO:pycaret_globals: {'experiment__', 'y', 'transform_target_method_param', '_all_metrics', 'fold_shuffle_param', 'html_param', 'imputation_classifier', '_available_plots', 'display_container', 'log_plots_param', 'pycaret_globals', 'exp_name_log', 'gpu_param', '_gpu_n_jobs_param', 'fold_groups_param', '_internal_pipeline', 'fix_imbalance_method_param', 'y_test', 'iterative_imputation_iters_param', 'X_test', 'fold_param', 'transform_target_param', 'prep_pipe', 'USI', 'fix_imbalance_param', 'n_jobs_param', 'stratify_param', 'logging_param', 'seed', '_all_models_internal', 'fold_generator', '_all_models', '_ml_usecase', 'data_before_preprocess', 'target_param', 'X', 'imputation_regressor', 'y_train', 'X_train', 'master_model_container', 'create_model_container'}
2021-04-09 09:37:45,488:INFO:Preparing display monitor
2021-04-09 09:37:45,488:INFO:Preparing display monitor
2021-04-09 09:37:45,498:INFO:Importing libraries
2021-04-09 09:37:45,498:INFO:Copying data for preprocessing
2021-04-09 09:37:45,505:INFO:Declaring preprocessing parameters
2021-04-09 09:37:45,506:INFO:Creating preprocessing pipeline
2021-04-09 09:37:45,519:INFO:Preprocessing pipeline created successfully
2021-04-09 09:37:45,519:ERROR:(Process Exit): setup has been interupted with user command 'quit'. setup must rerun.
2021-04-09 09:37:45,519:INFO:Creating global containers
2021-04-09 09:37:45,519:INFO:Internal pipeline: Pipeline(memory=None, steps=[('empty_step', 'passthrough')], verbose=False)
2021-04-09 09:44:45,685:INFO:PyCaret Supervised Module
2021-04-09 09:44:45,685:INFO:ML Usecase: classification
2021-04-09 09:44:45,685:INFO:version 2.3.0
2021-04-09 09:44:45,685:INFO:Initializing setup()
2021-04-09 09:44:45,685:INFO:setup(target=species, ml_usecase=classification, available_plots={'parameter': 'Hyperparameters', 'auc': 'AUC', 'confusion_matrix': 'Confusion Matrix', 'threshold': 'Threshold', 'pr': 'Precision Recall', 'error': 'Prediction Error', 'class_report': 'Class Report', 'rfe': 'Feature Selection', 'learning': 'Learning Curve', 'manifold': 'Manifold Learning', 'calibration': 'Calibration Curve', 'vc': 'Validation Curve', 'dimension': 'Dimensions', 'feature': 'Feature Importance', 'feature_all': 'Feature Importance (All)', 'boundary': 'Decision Boundary', 'lift': 'Lift Chart', 'gain': 'Gain Chart', 'tree': 'Decision Tree'}, train_size=0.7, test_data=None, preprocess=True, imputation_type=simple, iterative_imputation_iters=5, categorical_features=None, categorical_imputation=constant, categorical_iterative_imputer=lightgbm, ordinal_features=None, high_cardinality_features=None, high_cardinality_method=frequency, numeric_features=None, numeric_imputation=mean, numeric_iterative_imputer=lightgbm, date_features=None, ignore_features=None, normalize=False, normalize_method=zscore, transformation=False, transformation_method=yeo-johnson, handle_unknown_categorical=True, unknown_categorical_method=least_frequent, pca=False, pca_method=linear, pca_components=None, ignore_low_variance=False, combine_rare_levels=False, rare_level_threshold=0.1, bin_numeric_features=None, remove_outliers=False, outliers_threshold=0.05, remove_multicollinearity=False, multicollinearity_threshold=0.9, remove_perfect_collinearity=True, create_clusters=False, cluster_iter=20, polynomial_features=False, polynomial_degree=2, trigonometry_features=False, polynomial_threshold=0.1, group_features=None, group_names=None, feature_selection=False, feature_selection_threshold=0.8, feature_selection_method=classic, feature_interaction=False, feature_ratio=False, interaction_threshold=0.01, fix_imbalance=False, fix_imbalance_method=None, transform_target=False, transform_target_method=box-cox, data_split_shuffle=True, data_split_stratify=False, fold_strategy=stratifiedkfold, fold=10, fold_shuffle=False, fold_groups=None, n_jobs=-1, use_gpu=False, custom_pipeline=None, html=True, session_id=None, log_experiment=False, experiment_name=None, log_plots=False, log_profile=False, log_data=False, silent=False, verbose=True, profile=False, profile_kwargs=None, display=None)
2021-04-09 09:44:45,685:INFO:Checking environment
2021-04-09 09:44:45,685:INFO:python_version: 3.7.7
2021-04-09 09:44:45,685:INFO:python_build: ('default', 'May  6 2020 11:45:54')
2021-04-09 09:44:45,685:INFO:machine: AMD64
2021-04-09 09:44:45,685:INFO:platform: Windows-10-10.0.19041-SP0
2021-04-09 09:44:45,685:INFO:Memory: svmem(total=33840140288, available=24405102592, percent=27.9, used=9435037696, free=24405102592)
2021-04-09 09:44:45,685:INFO:Physical Core: 6
2021-04-09 09:44:45,686:INFO:Logical Core: 12
2021-04-09 09:44:45,686:INFO:Checking libraries
2021-04-09 09:44:45,686:INFO:pd==1.0.5
2021-04-09 09:44:45,686:INFO:numpy==1.19.5
2021-04-09 09:44:45,686:INFO:sklearn==0.23.1
2021-04-09 09:44:45,687:INFO:lightgbm==2.3.1
2021-04-09 09:44:45,700:INFO:catboost==0.25.1
2021-04-09 09:44:45,790:INFO:xgboost==1.1.1
2021-04-09 09:44:46,399:INFO:mlflow==1.15.0
2021-04-09 09:44:46,400:INFO:Checking Exceptions
2021-04-09 09:44:46,400:INFO:Declaring global variables
2021-04-09 09:44:46,400:INFO:USI: 06de
2021-04-09 09:44:46,400:INFO:pycaret_globals: {'_ml_usecase', 'transform_target_method_param', 'y', 'logging_param', 'exp_name_log', '_all_models', 'fold_param', 'fold_shuffle_param', 'X_test', 'USI', 'transform_target_param', 'target_param', '_internal_pipeline', 'log_plots_param', 'gpu_param', 'data_before_preprocess', 'n_jobs_param', 'display_container', 'pycaret_globals', '_available_plots', '_gpu_n_jobs_param', 'master_model_container', 'prep_pipe', 'iterative_imputation_iters_param', 'X_train', 'stratify_param', 'y_test', 'imputation_classifier', 'y_train', '_all_models_internal', 'create_model_container', 'fold_generator', 'imputation_regressor', 'html_param', 'fix_imbalance_param', 'fold_groups_param', 'experiment__', 'fix_imbalance_method_param', 'seed', 'X', '_all_metrics'}
2021-04-09 09:44:46,400:INFO:Preparing display monitor
2021-04-09 09:44:46,400:INFO:Preparing display monitor
2021-04-09 09:44:46,411:INFO:Importing libraries
2021-04-09 09:44:46,411:INFO:Copying data for preprocessing
2021-04-09 09:44:46,417:INFO:Declaring preprocessing parameters
2021-04-09 09:44:46,418:INFO:Creating preprocessing pipeline
2021-04-09 09:44:46,422:INFO:Preprocessing pipeline created successfully
2021-04-09 09:44:46,422:ERROR:(Process Exit): setup has been interupted with user command 'quit'. setup must rerun.
2021-04-09 09:44:46,422:INFO:Creating global containers
2021-04-09 09:44:46,424:INFO:Internal pipeline: Pipeline(memory=None, steps=[('empty_step', 'passthrough')], verbose=False)
2021-04-09 09:44:54,715:INFO:Creating grid variables
2021-04-09 09:44:54,750:INFO:create_model_container: 0
2021-04-09 09:44:54,750:INFO:master_model_container: 0
2021-04-09 09:44:54,750:INFO:display_container: 1
2021-04-09 09:44:54,754:INFO:Pipeline(memory=None,
         steps=[('dtypes',
                 DataTypes_Auto_infer(categorical_features=[],
                                      display_types=True, features_todrop=[],
                                      id_columns=[],
                                      ml_usecase='classification',
                                      numerical_features=[], target='species',
                                      time_features=[])),
                ('imputer',
                 Simple_Imputer(categorical_strategy='not_available',
                                fill_value_categorical=None,
                                fill_value_numerical=None,
                                numeric_stra...
                ('scaling', 'passthrough'), ('P_transform', 'passthrough'),
                ('binn', 'passthrough'), ('rem_outliers', 'passthrough'),
                ('cluster_all', 'passthrough'),
                ('dummy', Dummify(target='species')),
                ('fix_perfect', Remove_100(target='species')),
                ('clean_names', Clean_Colum_Names()),
                ('feature_select', 'passthrough'), ('fix_multi', 'passthrough'),
                ('dfs', 'passthrough'), ('pca', 'passthrough')],
         verbose=False)
2021-04-09 09:44:54,754:INFO:setup() succesfully completed......................................
2021-04-09 09:48:08,611:INFO:Initializing compare_models()
2021-04-09 09:48:08,611:INFO:compare_models(include=None, fold=None, round=4, cross_validation=True, sort=Accuracy, n_select=1, budget_time=None, turbo=True, errors=ignore, fit_kwargs=None, groups=None, verbose=True, display=None, exclude=None)
2021-04-09 09:48:08,611:INFO:Checking exceptions
2021-04-09 09:48:08,612:INFO:Preparing display monitor
2021-04-09 09:48:08,613:INFO:Preparing display monitor
2021-04-09 09:48:08,639:INFO:Initializing Logistic Regression
2021-04-09 09:48:08,639:INFO:Total runtime is 0.0 minutes
2021-04-09 09:48:08,648:INFO:SubProcess create_model() called ==================================
2021-04-09 09:48:08,648:INFO:Initializing create_model()
2021-04-09 09:48:08,649:INFO:create_model(estimator=lr, fold=StratifiedKFold(n_splits=10, random_state=None, shuffle=False), round=4, cross_validation=True, predict=True, fit_kwargs={}, groups=None, refit=False, verbose=False, system=False, metrics=None, display=<pycaret.internal.Display.Display object at 0x000001AC05946708>, kwargs={})
2021-04-09 09:48:08,649:INFO:Checking exceptions
2021-04-09 09:48:08,649:INFO:Importing libraries
2021-04-09 09:48:08,649:INFO:Copying training dataset
2021-04-09 09:48:08,650:INFO:Defining folds
2021-04-09 09:48:08,650:INFO:Declaring metric variables
2021-04-09 09:48:08,657:INFO:Importing untrained model
2021-04-09 09:48:08,666:INFO:Logistic Regression Imported succesfully
2021-04-09 09:48:08,680:INFO:Starting cross validation
2021-04-09 09:48:08,681:INFO:Cross validating with StratifiedKFold(n_splits=10, random_state=None, shuffle=False), n_jobs=-1
2021-04-09 09:48:13,956:INFO:Calculating mean and std
2021-04-09 09:48:13,958:INFO:Creating metrics dataframe
2021-04-09 09:48:13,965:INFO:Uploading results into container
2021-04-09 09:48:13,965:INFO:Uploading model into container now
2021-04-09 09:48:13,966:INFO:create_model_container: 1
2021-04-09 09:48:13,966:INFO:master_model_container: 1
2021-04-09 09:48:13,966:INFO:display_container: 2
2021-04-09 09:48:13,967:INFO:LogisticRegression(C=1.0, class_weight=None, dual=False, fit_intercept=True,
                   intercept_scaling=1, l1_ratio=None, max_iter=1000,
                   multi_class='auto', n_jobs=None, penalty='l2',
                   random_state=5449, solver='lbfgs', tol=0.0001, verbose=0,
                   warm_start=False)
2021-04-09 09:48:13,967:INFO:create_model() succesfully completed......................................
2021-04-09 09:48:14,057:INFO:SubProcess create_model() end ==================================
2021-04-09 09:48:14,058:INFO:Creating metrics dataframe
2021-04-09 09:48:14,072:INFO:Initializing K Neighbors Classifier
2021-04-09 09:48:14,072:INFO:Total runtime is 0.09056349198023478 minutes
2021-04-09 09:48:14,081:INFO:SubProcess create_model() called ==================================
2021-04-09 09:48:14,081:INFO:Initializing create_model()
2021-04-09 09:48:14,081:INFO:create_model(estimator=knn, fold=StratifiedKFold(n_splits=10, random_state=None, shuffle=False), round=4, cross_validation=True, predict=True, fit_kwargs={}, groups=None, refit=False, verbose=False, system=False, metrics=None, display=<pycaret.internal.Display.Display object at 0x000001AC05946708>, kwargs={})
2021-04-09 09:48:14,081:INFO:Checking exceptions
2021-04-09 09:48:14,081:INFO:Importing libraries
2021-04-09 09:48:14,081:INFO:Copying training dataset
2021-04-09 09:48:14,082:INFO:Defining folds
2021-04-09 09:48:14,082:INFO:Declaring metric variables
2021-04-09 09:48:14,090:INFO:Importing untrained model
2021-04-09 09:48:14,098:INFO:K Neighbors Classifier Imported succesfully
2021-04-09 09:48:14,116:INFO:Starting cross validation
2021-04-09 09:48:14,117:INFO:Cross validating with StratifiedKFold(n_splits=10, random_state=None, shuffle=False), n_jobs=-1
2021-04-09 09:48:16,686:INFO:Calculating mean and std
2021-04-09 09:48:16,687:INFO:Creating metrics dataframe
2021-04-09 09:48:16,691:INFO:Uploading results into container
2021-04-09 09:48:16,691:INFO:Uploading model into container now
2021-04-09 09:48:16,691:INFO:create_model_container: 2
2021-04-09 09:48:16,691:INFO:master_model_container: 2
2021-04-09 09:48:16,692:INFO:display_container: 2
2021-04-09 09:48:16,692:INFO:KNeighborsClassifier(algorithm='auto', leaf_size=30, metric='minkowski',
                     metric_params=None, n_jobs=-1, n_neighbors=5, p=2,
                     weights='uniform')
2021-04-09 09:48:16,692:INFO:create_model() succesfully completed......................................
2021-04-09 09:48:16,775:INFO:SubProcess create_model() end ==================================
2021-04-09 09:48:16,775:INFO:Creating metrics dataframe
2021-04-09 09:48:16,795:INFO:Initializing Naive Bayes
2021-04-09 09:48:16,795:INFO:Total runtime is 0.1359380602836609 minutes
2021-04-09 09:48:16,803:INFO:SubProcess create_model() called ==================================
2021-04-09 09:48:16,803:INFO:Initializing create_model()
2021-04-09 09:48:16,803:INFO:create_model(estimator=nb, fold=StratifiedKFold(n_splits=10, random_state=None, shuffle=False), round=4, cross_validation=True, predict=True, fit_kwargs={}, groups=None, refit=False, verbose=False, system=False, metrics=None, display=<pycaret.internal.Display.Display object at 0x000001AC05946708>, kwargs={})
2021-04-09 09:48:16,803:INFO:Checking exceptions
2021-04-09 09:48:16,803:INFO:Importing libraries
2021-04-09 09:48:16,803:INFO:Copying training dataset
2021-04-09 09:48:16,804:INFO:Defining folds
2021-04-09 09:48:16,804:INFO:Declaring metric variables
2021-04-09 09:48:16,812:INFO:Importing untrained model
2021-04-09 09:48:16,819:INFO:Naive Bayes Imported succesfully
2021-04-09 09:48:16,835:INFO:Starting cross validation
2021-04-09 09:48:16,835:INFO:Cross validating with StratifiedKFold(n_splits=10, random_state=None, shuffle=False), n_jobs=-1
2021-04-09 09:48:16,909:INFO:Calculating mean and std
2021-04-09 09:48:16,909:INFO:Creating metrics dataframe
2021-04-09 09:48:16,913:INFO:Uploading results into container
2021-04-09 09:48:16,913:INFO:Uploading model into container now
2021-04-09 09:48:16,914:INFO:create_model_container: 3
2021-04-09 09:48:16,914:INFO:master_model_container: 3
2021-04-09 09:48:16,914:INFO:display_container: 2
2021-04-09 09:48:16,914:INFO:GaussianNB(priors=None, var_smoothing=1e-09)
2021-04-09 09:48:16,914:INFO:create_model() succesfully completed......................................
2021-04-09 09:48:16,985:INFO:SubProcess create_model() end ==================================
2021-04-09 09:48:16,985:INFO:Creating metrics dataframe
2021-04-09 09:48:17,006:INFO:Initializing Decision Tree Classifier
2021-04-09 09:48:17,006:INFO:Total runtime is 0.1394506931304932 minutes
2021-04-09 09:48:17,014:INFO:SubProcess create_model() called ==================================
2021-04-09 09:48:17,014:INFO:Initializing create_model()
2021-04-09 09:48:17,015:INFO:create_model(estimator=dt, fold=StratifiedKFold(n_splits=10, random_state=None, shuffle=False), round=4, cross_validation=True, predict=True, fit_kwargs={}, groups=None, refit=False, verbose=False, system=False, metrics=None, display=<pycaret.internal.Display.Display object at 0x000001AC05946708>, kwargs={})
2021-04-09 09:48:17,015:INFO:Checking exceptions
2021-04-09 09:48:17,015:INFO:Importing libraries
2021-04-09 09:48:17,015:INFO:Copying training dataset
2021-04-09 09:48:17,016:INFO:Defining folds
2021-04-09 09:48:17,016:INFO:Declaring metric variables
2021-04-09 09:48:17,024:INFO:Importing untrained model
2021-04-09 09:48:17,031:INFO:Decision Tree Classifier Imported succesfully
2021-04-09 09:48:17,046:INFO:Starting cross validation
2021-04-09 09:48:17,046:INFO:Cross validating with StratifiedKFold(n_splits=10, random_state=None, shuffle=False), n_jobs=-1
2021-04-09 09:48:17,159:INFO:Calculating mean and std
2021-04-09 09:48:17,160:INFO:Creating metrics dataframe
2021-04-09 09:48:17,165:INFO:Uploading results into container
2021-04-09 09:48:17,165:INFO:Uploading model into container now
2021-04-09 09:48:17,165:INFO:create_model_container: 4
2021-04-09 09:48:17,165:INFO:master_model_container: 4
2021-04-09 09:48:17,166:INFO:display_container: 2
2021-04-09 09:48:17,166:INFO:DecisionTreeClassifier(ccp_alpha=0.0, class_weight=None, criterion='gini',
                       max_depth=None, max_features=None, max_leaf_nodes=None,
                       min_impurity_decrease=0.0, min_impurity_split=None,
                       min_samples_leaf=1, min_samples_split=2,
                       min_weight_fraction_leaf=0.0, presort='deprecated',
                       random_state=5449, splitter='best')
2021-04-09 09:48:17,166:INFO:create_model() succesfully completed......................................
2021-04-09 09:48:17,241:INFO:SubProcess create_model() end ==================================
2021-04-09 09:48:17,241:INFO:Creating metrics dataframe
2021-04-09 09:48:17,264:INFO:Initializing SVM - Linear Kernel
2021-04-09 09:48:17,264:INFO:Total runtime is 0.14375594456990562 minutes
2021-04-09 09:48:17,272:INFO:SubProcess create_model() called ==================================
2021-04-09 09:48:17,273:INFO:Initializing create_model()
2021-04-09 09:48:17,273:INFO:create_model(estimator=svm, fold=StratifiedKFold(n_splits=10, random_state=None, shuffle=False), round=4, cross_validation=True, predict=True, fit_kwargs={}, groups=None, refit=False, verbose=False, system=False, metrics=None, display=<pycaret.internal.Display.Display object at 0x000001AC05946708>, kwargs={})
2021-04-09 09:48:17,273:INFO:Checking exceptions
2021-04-09 09:48:17,273:INFO:Importing libraries
2021-04-09 09:48:17,273:INFO:Copying training dataset
2021-04-09 09:48:17,274:INFO:Defining folds
2021-04-09 09:48:17,274:INFO:Declaring metric variables
2021-04-09 09:48:17,281:INFO:Importing untrained model
2021-04-09 09:48:17,289:INFO:SVM - Linear Kernel Imported succesfully
2021-04-09 09:48:17,305:INFO:Starting cross validation
2021-04-09 09:48:17,305:INFO:Cross validating with StratifiedKFold(n_splits=10, random_state=None, shuffle=False), n_jobs=-1
2021-04-09 09:48:17,487:INFO:Calculating mean and std
2021-04-09 09:48:17,488:INFO:Creating metrics dataframe
2021-04-09 09:48:17,492:INFO:Uploading results into container
2021-04-09 09:48:17,492:INFO:Uploading model into container now
2021-04-09 09:48:17,492:INFO:create_model_container: 5
2021-04-09 09:48:17,492:INFO:master_model_container: 5
2021-04-09 09:48:17,492:INFO:display_container: 2
2021-04-09 09:48:17,492:INFO:SGDClassifier(alpha=0.0001, average=False, class_weight=None,
              early_stopping=False, epsilon=0.1, eta0=0.001, fit_intercept=True,
              l1_ratio=0.15, learning_rate='optimal', loss='hinge',
              max_iter=1000, n_iter_no_change=5, n_jobs=-1, penalty='l2',
              power_t=0.5, random_state=5449, shuffle=True, tol=0.001,
              validation_fraction=0.1, verbose=0, warm_start=False)
2021-04-09 09:48:17,492:INFO:create_model() succesfully completed......................................
2021-04-09 09:48:17,562:INFO:SubProcess create_model() end ==================================
2021-04-09 09:48:17,562:INFO:Creating metrics dataframe
2021-04-09 09:48:17,589:INFO:Initializing Ridge Classifier
2021-04-09 09:48:17,589:INFO:Total runtime is 0.14917096694310508 minutes
2021-04-09 09:48:17,597:INFO:SubProcess create_model() called ==================================
2021-04-09 09:48:17,597:INFO:Initializing create_model()
2021-04-09 09:48:17,597:INFO:create_model(estimator=ridge, fold=StratifiedKFold(n_splits=10, random_state=None, shuffle=False), round=4, cross_validation=True, predict=True, fit_kwargs={}, groups=None, refit=False, verbose=False, system=False, metrics=None, display=<pycaret.internal.Display.Display object at 0x000001AC05946708>, kwargs={})
2021-04-09 09:48:17,597:INFO:Checking exceptions
2021-04-09 09:48:17,597:INFO:Importing libraries
2021-04-09 09:48:17,597:INFO:Copying training dataset
2021-04-09 09:48:17,598:INFO:Defining folds
2021-04-09 09:48:17,598:INFO:Declaring metric variables
2021-04-09 09:48:17,606:INFO:Importing untrained model
2021-04-09 09:48:17,614:INFO:Ridge Classifier Imported succesfully
2021-04-09 09:48:17,630:INFO:Starting cross validation
2021-04-09 09:48:17,630:INFO:Cross validating with StratifiedKFold(n_splits=10, random_state=None, shuffle=False), n_jobs=-1
2021-04-09 09:48:17,700:INFO:Calculating mean and std
2021-04-09 09:48:17,700:INFO:Creating metrics dataframe
2021-04-09 09:48:17,705:INFO:Uploading results into container
2021-04-09 09:48:17,705:INFO:Uploading model into container now
2021-04-09 09:48:17,705:INFO:create_model_container: 6
2021-04-09 09:48:17,705:INFO:master_model_container: 6
2021-04-09 09:48:17,705:INFO:display_container: 2
2021-04-09 09:48:17,706:INFO:RidgeClassifier(alpha=1.0, class_weight=None, copy_X=True, fit_intercept=True,
                max_iter=None, normalize=False, random_state=5449,
                solver='auto', tol=0.001)
2021-04-09 09:48:17,706:INFO:create_model() succesfully completed......................................
2021-04-09 09:48:17,779:INFO:SubProcess create_model() end ==================================
2021-04-09 09:48:17,779:INFO:Creating metrics dataframe
2021-04-09 09:48:17,809:INFO:Initializing Random Forest Classifier
2021-04-09 09:48:17,809:INFO:Total runtime is 0.1528382738431295 minutes
2021-04-09 09:48:17,816:INFO:SubProcess create_model() called ==================================
2021-04-09 09:48:17,817:INFO:Initializing create_model()
2021-04-09 09:48:17,817:INFO:create_model(estimator=rf, fold=StratifiedKFold(n_splits=10, random_state=None, shuffle=False), round=4, cross_validation=True, predict=True, fit_kwargs={}, groups=None, refit=False, verbose=False, system=False, metrics=None, display=<pycaret.internal.Display.Display object at 0x000001AC05946708>, kwargs={})
2021-04-09 09:48:17,817:INFO:Checking exceptions
2021-04-09 09:48:17,817:INFO:Importing libraries
2021-04-09 09:48:17,817:INFO:Copying training dataset
2021-04-09 09:48:17,818:INFO:Defining folds
2021-04-09 09:48:17,818:INFO:Declaring metric variables
2021-04-09 09:48:17,824:INFO:Importing untrained model
2021-04-09 09:48:17,832:INFO:Random Forest Classifier Imported succesfully
2021-04-09 09:48:17,848:INFO:Starting cross validation
2021-04-09 09:48:17,849:INFO:Cross validating with StratifiedKFold(n_splits=10, random_state=None, shuffle=False), n_jobs=-1
2021-04-09 09:48:19,077:INFO:Calculating mean and std
2021-04-09 09:48:19,079:INFO:Creating metrics dataframe
2021-04-09 09:48:19,086:INFO:Uploading results into container
2021-04-09 09:48:19,086:INFO:Uploading model into container now
2021-04-09 09:48:19,086:INFO:create_model_container: 7
2021-04-09 09:48:19,086:INFO:master_model_container: 7
2021-04-09 09:48:19,086:INFO:display_container: 2
2021-04-09 09:48:19,087:INFO:RandomForestClassifier(bootstrap=True, ccp_alpha=0.0, class_weight=None,
                       criterion='gini', max_depth=None, max_features='auto',
                       max_leaf_nodes=None, max_samples=None,
                       min_impurity_decrease=0.0, min_impurity_split=None,
                       min_samples_leaf=1, min_samples_split=2,
                       min_weight_fraction_leaf=0.0, n_estimators=100,
                       n_jobs=-1, oob_score=False, random_state=5449, verbose=0,
                       warm_start=False)
2021-04-09 09:48:19,087:INFO:create_model() succesfully completed......................................
2021-04-09 09:48:19,164:INFO:SubProcess create_model() end ==================================
2021-04-09 09:48:19,164:INFO:Creating metrics dataframe
2021-04-09 09:48:19,197:INFO:Initializing Quadratic Discriminant Analysis
2021-04-09 09:48:19,197:INFO:Total runtime is 0.17598211367925012 minutes
2021-04-09 09:48:19,207:INFO:SubProcess create_model() called ==================================
2021-04-09 09:48:19,208:INFO:Initializing create_model()
2021-04-09 09:48:19,208:INFO:create_model(estimator=qda, fold=StratifiedKFold(n_splits=10, random_state=None, shuffle=False), round=4, cross_validation=True, predict=True, fit_kwargs={}, groups=None, refit=False, verbose=False, system=False, metrics=None, display=<pycaret.internal.Display.Display object at 0x000001AC05946708>, kwargs={})
2021-04-09 09:48:19,208:INFO:Checking exceptions
2021-04-09 09:48:19,208:INFO:Importing libraries
2021-04-09 09:48:19,208:INFO:Copying training dataset
2021-04-09 09:48:19,209:INFO:Defining folds
2021-04-09 09:48:19,209:INFO:Declaring metric variables
2021-04-09 09:48:19,217:INFO:Importing untrained model
2021-04-09 09:48:19,226:INFO:Quadratic Discriminant Analysis Imported succesfully
2021-04-09 09:48:19,243:INFO:Starting cross validation
2021-04-09 09:48:19,244:INFO:Cross validating with StratifiedKFold(n_splits=10, random_state=None, shuffle=False), n_jobs=-1
2021-04-09 09:48:19,344:INFO:Calculating mean and std
2021-04-09 09:48:19,345:INFO:Creating metrics dataframe
2021-04-09 09:48:19,350:INFO:Uploading results into container
2021-04-09 09:48:19,350:INFO:Uploading model into container now
2021-04-09 09:48:19,350:INFO:create_model_container: 8
2021-04-09 09:48:19,351:INFO:master_model_container: 8
2021-04-09 09:48:19,351:INFO:display_container: 2
2021-04-09 09:48:19,351:INFO:QuadraticDiscriminantAnalysis(priors=None, reg_param=0.0,
                              store_covariance=False, tol=0.0001)
2021-04-09 09:48:19,351:INFO:create_model() succesfully completed......................................
2021-04-09 09:48:19,427:INFO:SubProcess create_model() end ==================================
2021-04-09 09:48:19,427:INFO:Creating metrics dataframe
2021-04-09 09:48:19,462:INFO:Initializing Ada Boost Classifier
2021-04-09 09:48:19,462:INFO:Total runtime is 0.18039157390594487 minutes
2021-04-09 09:48:19,469:INFO:SubProcess create_model() called ==================================
2021-04-09 09:48:19,470:INFO:Initializing create_model()
2021-04-09 09:48:19,470:INFO:create_model(estimator=ada, fold=StratifiedKFold(n_splits=10, random_state=None, shuffle=False), round=4, cross_validation=True, predict=True, fit_kwargs={}, groups=None, refit=False, verbose=False, system=False, metrics=None, display=<pycaret.internal.Display.Display object at 0x000001AC05946708>, kwargs={})
2021-04-09 09:48:19,470:INFO:Checking exceptions
2021-04-09 09:48:19,470:INFO:Importing libraries
2021-04-09 09:48:19,470:INFO:Copying training dataset
2021-04-09 09:48:19,471:INFO:Defining folds
2021-04-09 09:48:19,471:INFO:Declaring metric variables
2021-04-09 09:48:19,479:INFO:Importing untrained model
2021-04-09 09:48:19,486:INFO:Ada Boost Classifier Imported succesfully
2021-04-09 09:48:19,503:INFO:Starting cross validation
2021-04-09 09:48:19,504:INFO:Cross validating with StratifiedKFold(n_splits=10, random_state=None, shuffle=False), n_jobs=-1
2021-04-09 09:48:19,778:INFO:Calculating mean and std
2021-04-09 09:48:19,778:INFO:Creating metrics dataframe
2021-04-09 09:48:19,782:INFO:Uploading results into container
2021-04-09 09:48:19,783:INFO:Uploading model into container now
2021-04-09 09:48:19,783:INFO:create_model_container: 9
2021-04-09 09:48:19,783:INFO:master_model_container: 9
2021-04-09 09:48:19,783:INFO:display_container: 2
2021-04-09 09:48:19,783:INFO:AdaBoostClassifier(algorithm='SAMME.R', base_estimator=None, learning_rate=1.0,
                   n_estimators=50, random_state=5449)
2021-04-09 09:48:19,783:INFO:create_model() succesfully completed......................................
2021-04-09 09:48:19,860:INFO:SubProcess create_model() end ==================================
2021-04-09 09:48:19,860:INFO:Creating metrics dataframe
2021-04-09 09:48:19,893:INFO:Initializing Gradient Boosting Classifier
2021-04-09 09:48:19,893:INFO:Total runtime is 0.18757581710815435 minutes
2021-04-09 09:48:19,900:INFO:SubProcess create_model() called ==================================
2021-04-09 09:48:19,901:INFO:Initializing create_model()
2021-04-09 09:48:19,901:INFO:create_model(estimator=gbc, fold=StratifiedKFold(n_splits=10, random_state=None, shuffle=False), round=4, cross_validation=True, predict=True, fit_kwargs={}, groups=None, refit=False, verbose=False, system=False, metrics=None, display=<pycaret.internal.Display.Display object at 0x000001AC05946708>, kwargs={})
2021-04-09 09:48:19,901:INFO:Checking exceptions
2021-04-09 09:48:19,901:INFO:Importing libraries
2021-04-09 09:48:19,901:INFO:Copying training dataset
2021-04-09 09:48:19,902:INFO:Defining folds
2021-04-09 09:48:19,902:INFO:Declaring metric variables
2021-04-09 09:48:19,909:INFO:Importing untrained model
2021-04-09 09:48:19,917:INFO:Gradient Boosting Classifier Imported succesfully
2021-04-09 09:48:19,939:INFO:Starting cross validation
2021-04-09 09:48:19,940:INFO:Cross validating with StratifiedKFold(n_splits=10, random_state=None, shuffle=False), n_jobs=-1
2021-04-09 09:48:20,452:INFO:Calculating mean and std
2021-04-09 09:48:20,453:INFO:Creating metrics dataframe
2021-04-09 09:48:20,458:INFO:Uploading results into container
2021-04-09 09:48:20,458:INFO:Uploading model into container now
2021-04-09 09:48:20,458:INFO:create_model_container: 10
2021-04-09 09:48:20,458:INFO:master_model_container: 10
2021-04-09 09:48:20,459:INFO:display_container: 2
2021-04-09 09:48:20,459:INFO:GradientBoostingClassifier(ccp_alpha=0.0, criterion='friedman_mse', init=None,
                           learning_rate=0.1, loss='deviance', max_depth=3,
                           max_features=None, max_leaf_nodes=None,
                           min_impurity_decrease=0.0, min_impurity_split=None,
                           min_samples_leaf=1, min_samples_split=2,
                           min_weight_fraction_leaf=0.0, n_estimators=100,
                           n_iter_no_change=None, presort='deprecated',
                           random_state=5449, subsample=1.0, tol=0.0001,
                           validation_fraction=0.1, verbose=0,
                           warm_start=False)
2021-04-09 09:48:20,459:INFO:create_model() succesfully completed......................................
2021-04-09 09:48:20,530:INFO:SubProcess create_model() end ==================================
2021-04-09 09:48:20,530:INFO:Creating metrics dataframe
2021-04-09 09:48:20,570:INFO:Initializing Linear Discriminant Analysis
2021-04-09 09:48:20,570:INFO:Total runtime is 0.19886445601781214 minutes
2021-04-09 09:48:20,577:INFO:SubProcess create_model() called ==================================
2021-04-09 09:48:20,577:INFO:Initializing create_model()
2021-04-09 09:48:20,577:INFO:create_model(estimator=lda, fold=StratifiedKFold(n_splits=10, random_state=None, shuffle=False), round=4, cross_validation=True, predict=True, fit_kwargs={}, groups=None, refit=False, verbose=False, system=False, metrics=None, display=<pycaret.internal.Display.Display object at 0x000001AC05946708>, kwargs={})
2021-04-09 09:48:20,577:INFO:Checking exceptions
2021-04-09 09:48:20,577:INFO:Importing libraries
2021-04-09 09:48:20,578:INFO:Copying training dataset
2021-04-09 09:48:20,578:INFO:Defining folds
2021-04-09 09:48:20,578:INFO:Declaring metric variables
2021-04-09 09:48:20,585:INFO:Importing untrained model
2021-04-09 09:48:20,592:INFO:Linear Discriminant Analysis Imported succesfully
2021-04-09 09:48:20,608:INFO:Starting cross validation
2021-04-09 09:48:20,609:INFO:Cross validating with StratifiedKFold(n_splits=10, random_state=None, shuffle=False), n_jobs=-1
2021-04-09 09:48:20,681:INFO:Calculating mean and std
2021-04-09 09:48:20,682:INFO:Creating metrics dataframe
2021-04-09 09:48:20,687:INFO:Uploading results into container
2021-04-09 09:48:20,687:INFO:Uploading model into container now
2021-04-09 09:48:20,687:INFO:create_model_container: 11
2021-04-09 09:48:20,687:INFO:master_model_container: 11
2021-04-09 09:48:20,687:INFO:display_container: 2
2021-04-09 09:48:20,688:INFO:LinearDiscriminantAnalysis(n_components=None, priors=None, shrinkage=None,
                           solver='svd', store_covariance=False, tol=0.0001)
2021-04-09 09:48:20,688:INFO:create_model() succesfully completed......................................
2021-04-09 09:48:20,772:INFO:SubProcess create_model() end ==================================
2021-04-09 09:48:20,772:INFO:Creating metrics dataframe
2021-04-09 09:48:20,860:INFO:Initializing Extra Trees Classifier
2021-04-09 09:48:20,860:INFO:Total runtime is 0.20368421077728277 minutes
2021-04-09 09:48:20,885:INFO:SubProcess create_model() called ==================================
2021-04-09 09:48:20,886:INFO:Initializing create_model()
2021-04-09 09:48:20,886:INFO:create_model(estimator=et, fold=StratifiedKFold(n_splits=10, random_state=None, shuffle=False), round=4, cross_validation=True, predict=True, fit_kwargs={}, groups=None, refit=False, verbose=False, system=False, metrics=None, display=<pycaret.internal.Display.Display object at 0x000001AC05946708>, kwargs={})
2021-04-09 09:48:20,887:INFO:Checking exceptions
2021-04-09 09:48:20,888:INFO:Importing libraries
2021-04-09 09:48:20,888:INFO:Copying training dataset
2021-04-09 09:48:20,891:INFO:Defining folds
2021-04-09 09:48:20,891:INFO:Declaring metric variables
2021-04-09 09:48:20,909:INFO:Importing untrained model
2021-04-09 09:48:20,941:INFO:Extra Trees Classifier Imported succesfully
2021-04-09 09:48:21,018:INFO:Starting cross validation
2021-04-09 09:48:21,024:INFO:Cross validating with StratifiedKFold(n_splits=10, random_state=None, shuffle=False), n_jobs=-1
2021-04-09 09:48:22,257:INFO:Calculating mean and std
2021-04-09 09:48:22,258:INFO:Creating metrics dataframe
2021-04-09 09:48:22,263:INFO:Uploading results into container
2021-04-09 09:48:22,264:INFO:Uploading model into container now
2021-04-09 09:48:22,264:INFO:create_model_container: 12
2021-04-09 09:48:22,264:INFO:master_model_container: 12
2021-04-09 09:48:22,264:INFO:display_container: 2
2021-04-09 09:48:22,265:INFO:ExtraTreesClassifier(bootstrap=False, ccp_alpha=0.0, class_weight=None,
                     criterion='gini', max_depth=None, max_features='auto',
                     max_leaf_nodes=None, max_samples=None,
                     min_impurity_decrease=0.0, min_impurity_split=None,
                     min_samples_leaf=1, min_samples_split=2,
                     min_weight_fraction_leaf=0.0, n_estimators=100, n_jobs=-1,
                     oob_score=False, random_state=5449, verbose=0,
                     warm_start=False)
2021-04-09 09:48:22,265:INFO:create_model() succesfully completed......................................
2021-04-09 09:48:22,353:INFO:SubProcess create_model() end ==================================
2021-04-09 09:48:22,353:INFO:Creating metrics dataframe
2021-04-09 09:48:22,396:INFO:Initializing Extreme Gradient Boosting
2021-04-09 09:48:22,396:INFO:Total runtime is 0.2292904218037924 minutes
2021-04-09 09:48:22,405:INFO:SubProcess create_model() called ==================================
2021-04-09 09:48:22,406:INFO:Initializing create_model()
2021-04-09 09:48:22,406:INFO:create_model(estimator=xgboost, fold=StratifiedKFold(n_splits=10, random_state=None, shuffle=False), round=4, cross_validation=True, predict=True, fit_kwargs={}, groups=None, refit=False, verbose=False, system=False, metrics=None, display=<pycaret.internal.Display.Display object at 0x000001AC05946708>, kwargs={})
2021-04-09 09:48:22,406:INFO:Checking exceptions
2021-04-09 09:48:22,406:INFO:Importing libraries
2021-04-09 09:48:22,406:INFO:Copying training dataset
2021-04-09 09:48:22,407:INFO:Defining folds
2021-04-09 09:48:22,407:INFO:Declaring metric variables
2021-04-09 09:48:22,417:INFO:Importing untrained model
2021-04-09 09:48:22,427:INFO:Extreme Gradient Boosting Imported succesfully
2021-04-09 09:48:22,448:INFO:Starting cross validation
2021-04-09 09:48:22,448:WARNING:create_model() for xgboost raised an exception or returned all 0.0, trying without fit_kwargs:
2021-04-09 09:48:22,463:WARNING:Traceback (most recent call last):
  File "C:\Users\hnour\Anaconda3\lib\site-packages\pycaret\internal\pipeline.py", line 223, in add_estimator_to_pipeline
    assert hasattr(pipeline._final_estimator, "predict")
AssertionError

During handling of the above exception, another exception occurred:

Traceback (most recent call last):
  File "C:\Users\hnour\Anaconda3\lib\site-packages\pycaret\internal\tabular.py", line 2173, in compare_models
    refit=False,
  File "C:\Users\hnour\Anaconda3\lib\site-packages\pycaret\internal\tabular.py", line 3107, in create_model_supervised
    with estimator_pipeline(_internal_pipeline, model) as pipeline_with_model:
  File "C:\Users\hnour\Anaconda3\lib\site-packages\pycaret\internal\pipeline.py", line 205, in __enter__
    add_estimator_to_pipeline(self.pipeline, self.estimator)
  File "C:\Users\hnour\Anaconda3\lib\site-packages\pycaret\internal\pipeline.py", line 228, in add_estimator_to_pipeline
    pipeline._carry_over_final_estimator_fit_vars()
  File "C:\Users\hnour\Anaconda3\lib\site-packages\pycaret\internal\pipeline.py", line 58, in _carry_over_final_estimator_fit_vars
    self._final_estimator
  File "C:\Users\hnour\Anaconda3\lib\site-packages\pycaret\internal\utils.py", line 573, in get_all_object_vars_and_properties
    for k in object.__dir__()
  File "C:\Users\hnour\Anaconda3\lib\site-packages\pycaret\internal\utils.py", line 574, in <dictcomp>
    if k[:2] != "__" and type(getattr(object, k, "")).__name__ != "method"
  File "C:\Users\hnour\AppData\Roaming\Python\Python37\site-packages\xgboost\sklearn.py", line 687, in feature_importances_
    b = self.get_booster()
  File "C:\Users\hnour\AppData\Roaming\Python\Python37\site-packages\xgboost\sklearn.py", line 261, in get_booster
    raise XGBoostError('need to call fit or load_model beforehand')
xgboost.core.XGBoostError: need to call fit or load_model beforehand

2021-04-09 09:48:22,463:INFO:Initializing create_model()
2021-04-09 09:48:22,463:INFO:create_model(estimator=xgboost, fold=StratifiedKFold(n_splits=10, random_state=None, shuffle=False), round=4, cross_validation=True, predict=True, fit_kwargs=None, groups=None, refit=False, verbose=False, system=False, metrics=None, display=<pycaret.internal.Display.Display object at 0x000001AC05946708>, kwargs={})
2021-04-09 09:48:22,463:INFO:Checking exceptions
2021-04-09 09:48:22,463:INFO:Importing libraries
2021-04-09 09:48:22,464:INFO:Copying training dataset
2021-04-09 09:48:22,464:INFO:Defining folds
2021-04-09 09:48:22,465:INFO:Declaring metric variables
2021-04-09 09:48:22,473:INFO:Importing untrained model
2021-04-09 09:48:22,483:INFO:Extreme Gradient Boosting Imported succesfully
2021-04-09 09:48:22,502:INFO:Starting cross validation
2021-04-09 09:48:22,503:ERROR:create_model() for xgboost raised an exception:
2021-04-09 09:48:22,504:ERROR:Traceback (most recent call last):
  File "C:\Users\hnour\Anaconda3\lib\site-packages\pycaret\internal\pipeline.py", line 223, in add_estimator_to_pipeline
    assert hasattr(pipeline._final_estimator, "predict")
AssertionError

During handling of the above exception, another exception occurred:

Traceback (most recent call last):
  File "C:\Users\hnour\Anaconda3\lib\site-packages\pycaret\internal\tabular.py", line 2173, in compare_models
    refit=False,
  File "C:\Users\hnour\Anaconda3\lib\site-packages\pycaret\internal\tabular.py", line 3107, in create_model_supervised
    with estimator_pipeline(_internal_pipeline, model) as pipeline_with_model:
  File "C:\Users\hnour\Anaconda3\lib\site-packages\pycaret\internal\pipeline.py", line 205, in __enter__
    add_estimator_to_pipeline(self.pipeline, self.estimator)
  File "C:\Users\hnour\Anaconda3\lib\site-packages\pycaret\internal\pipeline.py", line 228, in add_estimator_to_pipeline
    pipeline._carry_over_final_estimator_fit_vars()
  File "C:\Users\hnour\Anaconda3\lib\site-packages\pycaret\internal\pipeline.py", line 58, in _carry_over_final_estimator_fit_vars
    self._final_estimator
  File "C:\Users\hnour\Anaconda3\lib\site-packages\pycaret\internal\utils.py", line 573, in get_all_object_vars_and_properties
    for k in object.__dir__()
  File "C:\Users\hnour\Anaconda3\lib\site-packages\pycaret\internal\utils.py", line 574, in <dictcomp>
    if k[:2] != "__" and type(getattr(object, k, "")).__name__ != "method"
  File "C:\Users\hnour\AppData\Roaming\Python\Python37\site-packages\xgboost\sklearn.py", line 687, in feature_importances_
    b = self.get_booster()
  File "C:\Users\hnour\AppData\Roaming\Python\Python37\site-packages\xgboost\sklearn.py", line 261, in get_booster
    raise XGBoostError('need to call fit or load_model beforehand')
xgboost.core.XGBoostError: need to call fit or load_model beforehand

During handling of the above exception, another exception occurred:

Traceback (most recent call last):
  File "C:\Users\hnour\Anaconda3\lib\site-packages\pycaret\internal\pipeline.py", line 223, in add_estimator_to_pipeline
    assert hasattr(pipeline._final_estimator, "predict")
AssertionError

During handling of the above exception, another exception occurred:

Traceback (most recent call last):
  File "C:\Users\hnour\Anaconda3\lib\site-packages\pycaret\internal\tabular.py", line 2192, in compare_models
    refit=False,
  File "C:\Users\hnour\Anaconda3\lib\site-packages\pycaret\internal\tabular.py", line 3107, in create_model_supervised
    with estimator_pipeline(_internal_pipeline, model) as pipeline_with_model:
  File "C:\Users\hnour\Anaconda3\lib\site-packages\pycaret\internal\pipeline.py", line 205, in __enter__
    add_estimator_to_pipeline(self.pipeline, self.estimator)
  File "C:\Users\hnour\Anaconda3\lib\site-packages\pycaret\internal\pipeline.py", line 228, in add_estimator_to_pipeline
    pipeline._carry_over_final_estimator_fit_vars()
  File "C:\Users\hnour\Anaconda3\lib\site-packages\pycaret\internal\pipeline.py", line 58, in _carry_over_final_estimator_fit_vars
    self._final_estimator
  File "C:\Users\hnour\Anaconda3\lib\site-packages\pycaret\internal\utils.py", line 573, in get_all_object_vars_and_properties
    for k in object.__dir__()
  File "C:\Users\hnour\Anaconda3\lib\site-packages\pycaret\internal\utils.py", line 574, in <dictcomp>
    if k[:2] != "__" and type(getattr(object, k, "")).__name__ != "method"
  File "C:\Users\hnour\AppData\Roaming\Python\Python37\site-packages\xgboost\sklearn.py", line 687, in feature_importances_
    b = self.get_booster()
  File "C:\Users\hnour\AppData\Roaming\Python\Python37\site-packages\xgboost\sklearn.py", line 261, in get_booster
    raise XGBoostError('need to call fit or load_model beforehand')
xgboost.core.XGBoostError: need to call fit or load_model beforehand

2021-04-09 09:48:22,504:INFO:Initializing Light Gradient Boosting Machine
2021-04-09 09:48:22,504:INFO:Total runtime is 0.23108596404393522 minutes
2021-04-09 09:48:22,513:INFO:SubProcess create_model() called ==================================
2021-04-09 09:48:22,514:INFO:Initializing create_model()
2021-04-09 09:48:22,514:INFO:create_model(estimator=lightgbm, fold=StratifiedKFold(n_splits=10, random_state=None, shuffle=False), round=4, cross_validation=True, predict=True, fit_kwargs={}, groups=None, refit=False, verbose=False, system=False, metrics=None, display=<pycaret.internal.Display.Display object at 0x000001AC05946708>, kwargs={})
2021-04-09 09:48:22,514:INFO:Checking exceptions
2021-04-09 09:48:22,514:INFO:Importing libraries
2021-04-09 09:48:22,514:INFO:Copying training dataset
2021-04-09 09:48:22,515:INFO:Defining folds
2021-04-09 09:48:22,515:INFO:Declaring metric variables
2021-04-09 09:48:22,525:INFO:Importing untrained model
2021-04-09 09:48:22,537:INFO:Light Gradient Boosting Machine Imported succesfully
2021-04-09 09:48:22,555:INFO:Starting cross validation
2021-04-09 09:48:22,556:INFO:Cross validating with StratifiedKFold(n_splits=10, random_state=None, shuffle=False), n_jobs=-1
2021-04-09 09:48:22,751:INFO:Calculating mean and std
2021-04-09 09:48:22,752:INFO:Creating metrics dataframe
2021-04-09 09:48:22,757:INFO:Uploading results into container
2021-04-09 09:48:22,757:INFO:Uploading model into container now
2021-04-09 09:48:22,757:INFO:create_model_container: 13
2021-04-09 09:48:22,757:INFO:master_model_container: 13
2021-04-09 09:48:22,758:INFO:display_container: 2
2021-04-09 09:48:22,758:INFO:LGBMClassifier(boosting_type='gbdt', class_weight=None, colsample_bytree=1.0,
               importance_type='split', learning_rate=0.1, max_depth=-1,
               min_child_samples=20, min_child_weight=0.001, min_split_gain=0.0,
               n_estimators=100, n_jobs=-1, num_leaves=31, objective=None,
               random_state=5449, reg_alpha=0.0, reg_lambda=0.0, silent=True,
               subsample=1.0, subsample_for_bin=200000, subsample_freq=0)
2021-04-09 09:48:22,758:INFO:create_model() succesfully completed......................................
2021-04-09 09:48:22,831:INFO:SubProcess create_model() end ==================================
2021-04-09 09:48:22,831:INFO:Creating metrics dataframe
2021-04-09 09:48:22,877:INFO:Initializing CatBoost Classifier
2021-04-09 09:48:22,877:INFO:Total runtime is 0.23731120427449554 minutes
2021-04-09 09:48:22,885:INFO:SubProcess create_model() called ==================================
2021-04-09 09:48:22,886:INFO:Initializing create_model()
2021-04-09 09:48:22,886:INFO:create_model(estimator=catboost, fold=StratifiedKFold(n_splits=10, random_state=None, shuffle=False), round=4, cross_validation=True, predict=True, fit_kwargs={}, groups=None, refit=False, verbose=False, system=False, metrics=None, display=<pycaret.internal.Display.Display object at 0x000001AC05946708>, kwargs={})
2021-04-09 09:48:22,886:INFO:Checking exceptions
2021-04-09 09:48:22,886:INFO:Importing libraries
2021-04-09 09:48:22,886:INFO:Copying training dataset
2021-04-09 09:48:22,887:INFO:Defining folds
2021-04-09 09:48:22,887:INFO:Declaring metric variables
2021-04-09 09:48:22,895:INFO:Importing untrained model
2021-04-09 09:48:22,907:INFO:CatBoost Classifier Imported succesfully
2021-04-09 09:48:22,925:INFO:Starting cross validation
2021-04-09 09:48:22,928:INFO:Cross validating with StratifiedKFold(n_splits=10, random_state=None, shuffle=False), n_jobs=-1
2021-04-09 09:48:25,179:INFO:Calculating mean and std
2021-04-09 09:48:25,180:INFO:Creating metrics dataframe
2021-04-09 09:48:25,186:INFO:Uploading results into container
2021-04-09 09:48:25,186:INFO:Uploading model into container now
2021-04-09 09:48:25,186:INFO:create_model_container: 14
2021-04-09 09:48:25,186:INFO:master_model_container: 14
2021-04-09 09:48:25,186:INFO:display_container: 2
2021-04-09 09:48:25,186:INFO:<catboost.core.CatBoostClassifier object at 0x000001AC05CDD348>
2021-04-09 09:48:25,186:INFO:create_model() succesfully completed......................................
2021-04-09 09:48:25,259:WARNING:create_model() for <catboost.core.CatBoostClassifier object at 0x000001AC05CDD348> raised an exception or returned all 0.0, trying without fit_kwargs:
2021-04-09 09:48:25,259:WARNING:Traceback (most recent call last):
  File "C:\Users\hnour\Anaconda3\lib\site-packages\pycaret\internal\tabular.py", line 2176, in compare_models
    assert np.sum(model_results.iloc[0]) != 0.0
AssertionError

2021-04-09 09:48:25,260:INFO:Initializing create_model()
2021-04-09 09:48:25,260:INFO:create_model(estimator=<catboost.core.CatBoostClassifier object at 0x000001AC05CDD348>, fold=StratifiedKFold(n_splits=10, random_state=None, shuffle=False), round=4, cross_validation=True, predict=True, fit_kwargs=None, groups=None, refit=False, verbose=False, system=False, metrics=None, display=<pycaret.internal.Display.Display object at 0x000001AC05946708>, kwargs={})
2021-04-09 09:48:25,260:INFO:Checking exceptions
2021-04-09 09:48:25,260:INFO:Importing libraries
2021-04-09 09:48:25,260:INFO:Copying training dataset
2021-04-09 09:48:25,261:INFO:Defining folds
2021-04-09 09:48:25,261:INFO:Declaring metric variables
2021-04-09 09:48:25,273:INFO:Importing untrained model
2021-04-09 09:48:25,273:INFO:Declaring custom model
2021-04-09 09:48:25,287:INFO:CatBoost Classifier Imported succesfully
2021-04-09 09:48:25,307:INFO:Starting cross validation
2021-04-09 09:48:25,308:INFO:Cross validating with StratifiedKFold(n_splits=10, random_state=None, shuffle=False), n_jobs=-1
2021-04-09 09:48:29,159:INFO:Calculating mean and std
2021-04-09 09:48:29,159:INFO:Creating metrics dataframe
2021-04-09 09:48:29,164:INFO:Uploading results into container
2021-04-09 09:48:29,164:INFO:Uploading model into container now
2021-04-09 09:48:29,164:INFO:create_model_container: 15
2021-04-09 09:48:29,164:INFO:master_model_container: 15
2021-04-09 09:48:29,164:INFO:display_container: 2
2021-04-09 09:48:29,164:INFO:<catboost.core.CatBoostClassifier object at 0x000001AC067B9988>
2021-04-09 09:48:29,165:INFO:create_model() succesfully completed......................................
2021-04-09 09:48:29,242:INFO:SubProcess create_model() end ==================================
2021-04-09 09:48:29,243:INFO:Creating metrics dataframe
2021-04-09 09:48:29,321:INFO:Initializing create_model()
2021-04-09 09:48:29,322:INFO:create_model(estimator=QuadraticDiscriminantAnalysis(priors=None, reg_param=0.0,
                              store_covariance=False, tol=0.0001), fold=StratifiedKFold(n_splits=10, random_state=None, shuffle=False), round=4, cross_validation=False, predict=False, fit_kwargs={}, groups=None, refit=True, verbose=False, system=False, metrics=None, display=None, kwargs={})
2021-04-09 09:48:29,322:INFO:Checking exceptions
2021-04-09 09:48:29,322:INFO:Importing libraries
2021-04-09 09:48:29,322:INFO:Copying training dataset
2021-04-09 09:48:29,323:INFO:Defining folds
2021-04-09 09:48:29,323:INFO:Declaring metric variables
2021-04-09 09:48:29,323:INFO:Importing untrained model
2021-04-09 09:48:29,323:INFO:Declaring custom model
2021-04-09 09:48:29,323:INFO:Quadratic Discriminant Analysis Imported succesfully
2021-04-09 09:48:29,323:INFO:Cross validation set to False
2021-04-09 09:48:29,324:INFO:Fitting Model
2021-04-09 09:48:29,327:INFO:QuadraticDiscriminantAnalysis(priors=None, reg_param=0.0,
                              store_covariance=False, tol=0.0001)
2021-04-09 09:48:29,327:INFO:create_models() succesfully completed......................................
2021-04-09 09:48:29,547:INFO:create_model_container: 15
2021-04-09 09:48:29,547:INFO:master_model_container: 15
2021-04-09 09:48:29,547:INFO:display_container: 2
2021-04-09 09:48:29,547:INFO:QuadraticDiscriminantAnalysis(priors=None, reg_param=0.0,
                              store_covariance=False, tol=0.0001)
2021-04-09 09:48:29,547:INFO:compare_models() succesfully completed......................................
2021-04-09 09:52:26,128:INFO:Initializing create_model()
2021-04-09 09:52:26,128:INFO:create_model(estimator=qda, fold=None, round=4, cross_validation=True, predict=True, fit_kwargs=None, groups=None, refit=True, verbose=True, system=True, metrics=None, display=None, kwargs={})
2021-04-09 09:52:26,128:INFO:Checking exceptions
2021-04-09 09:52:26,128:INFO:Preparing display monitor
2021-04-09 09:52:26,150:INFO:Importing libraries
2021-04-09 09:52:26,150:INFO:Copying training dataset
2021-04-09 09:52:26,151:INFO:Defining folds
2021-04-09 09:52:26,151:INFO:Declaring metric variables
2021-04-09 09:52:26,167:INFO:Importing untrained model
2021-04-09 09:52:26,179:INFO:Quadratic Discriminant Analysis Imported succesfully
2021-04-09 09:52:26,204:INFO:Starting cross validation
2021-04-09 09:52:26,204:INFO:Cross validating with StratifiedKFold(n_splits=10, random_state=None, shuffle=False), n_jobs=-1
2021-04-09 09:52:26,272:INFO:Calculating mean and std
2021-04-09 09:52:26,273:INFO:Creating metrics dataframe
2021-04-09 09:52:26,287:INFO:Finalizing model
2021-04-09 09:52:26,290:INFO:Uploading results into container
2021-04-09 09:52:26,290:INFO:Uploading model into container now
2021-04-09 09:52:26,322:INFO:create_model_container: 16
2021-04-09 09:52:26,322:INFO:master_model_container: 16
2021-04-09 09:52:26,322:INFO:display_container: 3
2021-04-09 09:52:26,322:INFO:QuadraticDiscriminantAnalysis(priors=None, reg_param=0.0,
                              store_covariance=False, tol=0.0001)
2021-04-09 09:52:26,322:INFO:create_model() succesfully completed......................................
2021-04-09 09:56:01,464:INFO:Initializing tune_model()
2021-04-09 09:56:01,464:INFO:tune_model(estimator=qda, fold=None, round=4, n_iter=10, custom_grid=None, optimize=Accuracy, custom_scorer=None, search_library=scikit-learn, search_algorithm=None, early_stopping=False, early_stopping_max_iters=10, choose_better=False, fit_kwargs=None, groups=None, return_tuner=False, verbose=True, tuner_verbose=True, display=None, kwargs={})
2021-04-09 09:56:01,464:INFO:Checking exceptions
2021-04-09 09:57:20,909:INFO:Initializing tune_model()
2021-04-09 09:57:20,909:INFO:tune_model(estimator=QuadraticDiscriminantAnalysis(priors=None, reg_param=0.0,
                              store_covariance=False, tol=0.0001), fold=None, round=4, n_iter=10, custom_grid=None, optimize=Accuracy, custom_scorer=None, search_library=scikit-learn, search_algorithm=None, early_stopping=False, early_stopping_max_iters=10, choose_better=False, fit_kwargs=None, groups=None, return_tuner=False, verbose=True, tuner_verbose=True, display=None, kwargs={})
2021-04-09 09:57:20,910:INFO:Checking exceptions
2021-04-09 09:57:20,911:INFO:Preparing display monitor
2021-04-09 09:57:20,932:INFO:Copying training dataset
2021-04-09 09:57:20,933:INFO:Checking base model
2021-04-09 09:57:20,933:INFO:Base model : Quadratic Discriminant Analysis
2021-04-09 09:57:20,948:INFO:Declaring metric variables
2021-04-09 09:57:20,961:INFO:Defining Hyperparameters
2021-04-09 09:57:21,037:INFO:Tuning with n_jobs=-1
2021-04-09 09:57:21,037:INFO:Initializing RandomizedSearchCV
2021-04-09 09:57:21,332:INFO:best_params: {'actual_estimator__reg_param': 0.0}
2021-04-09 09:57:21,332:INFO:Hyperparameter search completed
2021-04-09 09:57:21,333:INFO:SubProcess create_model() called ==================================
2021-04-09 09:57:21,333:INFO:Initializing create_model()
2021-04-09 09:57:21,333:INFO:create_model(estimator=QuadraticDiscriminantAnalysis(priors=None, reg_param=0.0,
                              store_covariance=False, tol=0.0001), fold=StratifiedKFold(n_splits=10, random_state=None, shuffle=False), round=4, cross_validation=True, predict=True, fit_kwargs={}, groups=None, refit=True, verbose=True, system=False, metrics=None, display=<pycaret.internal.Display.Display object at 0x000001AC05DE9988>, kwargs={'reg_param': 0.0})
2021-04-09 09:57:21,333:INFO:Checking exceptions
2021-04-09 09:57:21,333:INFO:Importing libraries
2021-04-09 09:57:21,333:INFO:Copying training dataset
2021-04-09 09:57:21,334:INFO:Defining folds
2021-04-09 09:57:21,335:INFO:Declaring metric variables
2021-04-09 09:57:21,347:INFO:Importing untrained model
2021-04-09 09:57:21,348:INFO:Declaring custom model
2021-04-09 09:57:21,361:INFO:Quadratic Discriminant Analysis Imported succesfully
2021-04-09 09:57:21,391:INFO:Starting cross validation
2021-04-09 09:57:21,391:INFO:Cross validating with StratifiedKFold(n_splits=10, random_state=None, shuffle=False), n_jobs=-1
2021-04-09 09:57:21,459:INFO:Calculating mean and std
2021-04-09 09:57:21,460:INFO:Creating metrics dataframe
2021-04-09 09:57:21,474:INFO:Finalizing model
2021-04-09 09:57:21,478:INFO:Uploading results into container
2021-04-09 09:57:21,478:INFO:Uploading model into container now
2021-04-09 09:57:21,478:INFO:create_model_container: 17
2021-04-09 09:57:21,478:INFO:master_model_container: 17
2021-04-09 09:57:21,478:INFO:display_container: 4
2021-04-09 09:57:21,478:INFO:QuadraticDiscriminantAnalysis(priors=None, reg_param=0.0,
                              store_covariance=False, tol=0.0001)
2021-04-09 09:57:21,478:INFO:create_model() succesfully completed......................................
2021-04-09 09:57:21,547:INFO:SubProcess create_model() end ==================================
2021-04-09 09:57:21,583:INFO:create_model_container: 17
2021-04-09 09:57:21,584:INFO:master_model_container: 17
2021-04-09 09:57:21,584:INFO:display_container: 4
2021-04-09 09:57:21,584:INFO:QuadraticDiscriminantAnalysis(priors=None, reg_param=0.0,
                              store_covariance=False, tol=0.0001)
2021-04-09 09:57:21,584:INFO:tune_model() succesfully completed......................................
2021-04-09 09:58:53,595:INFO:Initializing plot_model()
2021-04-09 09:58:53,595:INFO:plot_model(plot=auc, fold=None, use_train_data=False, verbose=True, is_in_evaluate=False, display=None, display_format=None, estimator=QuadraticDiscriminantAnalysis(priors=None, reg_param=0.0,
                              store_covariance=False, tol=0.0001), feature_name=None, fit_kwargs=None, groups=None, label=False, save=False, scale=1, system=True)
2021-04-09 09:58:53,595:INFO:Checking exceptions
2021-04-09 09:58:53,597:INFO:Preparing display monitor
2021-04-09 09:58:53,604:INFO:Preloading libraries
2021-04-09 09:58:53,605:INFO:Copying training dataset
2021-04-09 09:58:53,606:INFO:Copying test dataset
2021-04-09 09:58:53,606:INFO:Plot type: auc
2021-04-09 09:58:53,764:INFO:Fitting Model
2021-04-09 09:58:53,765:INFO:Scoring test/hold-out set
2021-04-09 09:58:53,945:INFO:Visual Rendered Successfully
2021-04-09 09:58:54,031:INFO:plot_model() succesfully completed......................................
2021-04-09 09:59:18,859:INFO:Initializing create_model()
2021-04-09 09:59:18,859:INFO:create_model(estimator=rf, fold=None, round=4, cross_validation=True, predict=True, fit_kwargs=None, groups=None, refit=True, verbose=True, system=True, metrics=None, display=None, kwargs={})
2021-04-09 09:59:18,859:INFO:Checking exceptions
2021-04-09 09:59:18,859:INFO:Preparing display monitor
2021-04-09 09:59:18,883:INFO:Importing libraries
2021-04-09 09:59:18,883:INFO:Copying training dataset
2021-04-09 09:59:18,884:INFO:Defining folds
2021-04-09 09:59:18,884:INFO:Declaring metric variables
2021-04-09 09:59:18,897:INFO:Importing untrained model
2021-04-09 09:59:18,909:INFO:Random Forest Classifier Imported succesfully
2021-04-09 09:59:18,935:INFO:Starting cross validation
2021-04-09 09:59:18,936:INFO:Cross validating with StratifiedKFold(n_splits=10, random_state=None, shuffle=False), n_jobs=-1
2021-04-09 09:59:22,169:INFO:Calculating mean and std
2021-04-09 09:59:22,170:INFO:Creating metrics dataframe
2021-04-09 09:59:22,190:INFO:Finalizing model
2021-04-09 09:59:22,808:INFO:Uploading results into container
2021-04-09 09:59:22,808:INFO:Uploading model into container now
2021-04-09 09:59:22,855:INFO:create_model_container: 18
2021-04-09 09:59:22,855:INFO:master_model_container: 18
2021-04-09 09:59:22,855:INFO:display_container: 5
2021-04-09 09:59:22,856:INFO:RandomForestClassifier(bootstrap=True, ccp_alpha=0.0, class_weight=None,
                       criterion='gini', max_depth=None, max_features='auto',
                       max_leaf_nodes=None, max_samples=None,
                       min_impurity_decrease=0.0, min_impurity_split=None,
                       min_samples_leaf=1, min_samples_split=2,
                       min_weight_fraction_leaf=0.0, n_estimators=100,
                       n_jobs=-1, oob_score=False, random_state=5449, verbose=0,
                       warm_start=False)
2021-04-09 09:59:22,856:INFO:create_model() succesfully completed......................................
2021-04-09 09:59:35,727:INFO:Initializing create_model()
2021-04-09 09:59:35,727:INFO:create_model(estimator=rf, fold=None, round=4, cross_validation=True, predict=True, fit_kwargs=None, groups=None, refit=True, verbose=True, system=True, metrics=None, display=None, kwargs={})
2021-04-09 09:59:35,727:INFO:Checking exceptions
2021-04-09 09:59:35,727:INFO:Preparing display monitor
2021-04-09 09:59:35,746:INFO:Importing libraries
2021-04-09 09:59:35,746:INFO:Copying training dataset
2021-04-09 09:59:35,747:INFO:Defining folds
2021-04-09 09:59:35,747:INFO:Declaring metric variables
2021-04-09 09:59:35,760:INFO:Importing untrained model
2021-04-09 09:59:35,774:INFO:Random Forest Classifier Imported succesfully
2021-04-09 09:59:35,799:INFO:Starting cross validation
2021-04-09 09:59:35,800:INFO:Cross validating with StratifiedKFold(n_splits=10, random_state=None, shuffle=False), n_jobs=-1
2021-04-09 09:59:36,916:INFO:Calculating mean and std
2021-04-09 09:59:36,917:INFO:Creating metrics dataframe
2021-04-09 09:59:36,935:INFO:Finalizing model
2021-04-09 09:59:37,574:INFO:Uploading results into container
2021-04-09 09:59:37,574:INFO:Uploading model into container now
2021-04-09 09:59:37,610:INFO:create_model_container: 19
2021-04-09 09:59:37,610:INFO:master_model_container: 19
2021-04-09 09:59:37,610:INFO:display_container: 6
2021-04-09 09:59:37,610:INFO:RandomForestClassifier(bootstrap=True, ccp_alpha=0.0, class_weight=None,
                       criterion='gini', max_depth=None, max_features='auto',
                       max_leaf_nodes=None, max_samples=None,
                       min_impurity_decrease=0.0, min_impurity_split=None,
                       min_samples_leaf=1, min_samples_split=2,
                       min_weight_fraction_leaf=0.0, n_estimators=100,
                       n_jobs=-1, oob_score=False, random_state=5449, verbose=0,
                       warm_start=False)
2021-04-09 09:59:37,610:INFO:create_model() succesfully completed......................................
2021-04-09 09:59:46,056:INFO:Initializing tune_model()
2021-04-09 09:59:46,056:INFO:tune_model(estimator=RandomForestClassifier(bootstrap=True, ccp_alpha=0.0, class_weight=None,
                       criterion='gini', max_depth=None, max_features='auto',
                       max_leaf_nodes=None, max_samples=None,
                       min_impurity_decrease=0.0, min_impurity_split=None,
                       min_samples_leaf=1, min_samples_split=2,
                       min_weight_fraction_leaf=0.0, n_estimators=100,
                       n_jobs=-1, oob_score=False, random_state=5449, verbose=0,
                       warm_start=False), fold=None, round=4, n_iter=10, custom_grid=None, optimize=Accuracy, custom_scorer=None, search_library=scikit-learn, search_algorithm=None, early_stopping=False, early_stopping_max_iters=10, choose_better=False, fit_kwargs=None, groups=None, return_tuner=False, verbose=True, tuner_verbose=True, display=None, kwargs={})
2021-04-09 09:59:46,056:INFO:Checking exceptions
2021-04-09 09:59:46,058:INFO:Preparing display monitor
2021-04-09 09:59:46,080:INFO:Copying training dataset
2021-04-09 09:59:46,081:INFO:Checking base model
2021-04-09 09:59:46,081:INFO:Base model : Random Forest Classifier
2021-04-09 09:59:46,094:INFO:Declaring metric variables
2021-04-09 09:59:46,108:INFO:Defining Hyperparameters
2021-04-09 09:59:46,193:INFO:Tuning with n_jobs=-1
2021-04-09 09:59:46,193:INFO:Initializing RandomizedSearchCV
2021-04-09 09:59:53,822:INFO:best_params: {'actual_estimator__n_estimators': 210, 'actual_estimator__min_samples_split': 2, 'actual_estimator__min_samples_leaf': 3, 'actual_estimator__min_impurity_decrease': 0.5, 'actual_estimator__max_features': 'log2', 'actual_estimator__max_depth': 5, 'actual_estimator__criterion': 'entropy', 'actual_estimator__class_weight': 'balanced', 'actual_estimator__bootstrap': True}
2021-04-09 09:59:53,824:INFO:Hyperparameter search completed
2021-04-09 09:59:53,824:INFO:SubProcess create_model() called ==================================
2021-04-09 09:59:53,826:INFO:Initializing create_model()
2021-04-09 09:59:53,826:INFO:create_model(estimator=RandomForestClassifier(bootstrap=True, ccp_alpha=0.0, class_weight=None,
                       criterion='gini', max_depth=None, max_features='auto',
                       max_leaf_nodes=None, max_samples=None,
                       min_impurity_decrease=0.0, min_impurity_split=None,
                       min_samples_leaf=1, min_samples_split=2,
                       min_weight_fraction_leaf=0.0, n_estimators=100,
                       n_jobs=-1, oob_score=False, random_state=5449, verbose=0,
                       warm_start=False), fold=StratifiedKFold(n_splits=10, random_state=None, shuffle=False), round=4, cross_validation=True, predict=True, fit_kwargs={}, groups=None, refit=True, verbose=True, system=False, metrics=None, display=<pycaret.internal.Display.Display object at 0x000001AC0669AB48>, kwargs={'n_estimators': 210, 'min_samples_split': 2, 'min_samples_leaf': 3, 'min_impurity_decrease': 0.5, 'max_features': 'log2', 'max_depth': 5, 'criterion': 'entropy', 'class_weight': 'balanced', 'bootstrap': True})
2021-04-09 09:59:53,826:INFO:Checking exceptions
2021-04-09 09:59:53,827:INFO:Importing libraries
2021-04-09 09:59:53,827:INFO:Copying training dataset
2021-04-09 09:59:53,829:INFO:Defining folds
2021-04-09 09:59:53,829:INFO:Declaring metric variables
2021-04-09 09:59:53,856:INFO:Importing untrained model
2021-04-09 09:59:53,856:INFO:Declaring custom model
2021-04-09 09:59:53,870:INFO:Random Forest Classifier Imported succesfully
2021-04-09 09:59:53,895:INFO:Starting cross validation
2021-04-09 09:59:53,896:INFO:Cross validating with StratifiedKFold(n_splits=10, random_state=None, shuffle=False), n_jobs=-1
2021-04-09 09:59:55,358:INFO:Calculating mean and std
2021-04-09 09:59:55,361:INFO:Creating metrics dataframe
2021-04-09 09:59:55,409:INFO:Finalizing model
2021-04-09 09:59:56,200:INFO:Uploading results into container
2021-04-09 09:59:56,200:INFO:Uploading model into container now
2021-04-09 09:59:56,200:INFO:create_model_container: 20
2021-04-09 09:59:56,200:INFO:master_model_container: 20
2021-04-09 09:59:56,200:INFO:display_container: 7
2021-04-09 09:59:56,200:INFO:RandomForestClassifier(bootstrap=True, ccp_alpha=0.0, class_weight='balanced',
                       criterion='entropy', max_depth=5, max_features='log2',
                       max_leaf_nodes=None, max_samples=None,
                       min_impurity_decrease=0.5, min_impurity_split=None,
                       min_samples_leaf=3, min_samples_split=2,
                       min_weight_fraction_leaf=0.0, n_estimators=210,
                       n_jobs=-1, oob_score=False, random_state=5449, verbose=0,
                       warm_start=False)
2021-04-09 09:59:56,200:INFO:create_model() succesfully completed......................................
2021-04-09 09:59:56,287:INFO:SubProcess create_model() end ==================================
2021-04-09 09:59:56,325:INFO:create_model_container: 20
2021-04-09 09:59:56,325:INFO:master_model_container: 20
2021-04-09 09:59:56,325:INFO:display_container: 7
2021-04-09 09:59:56,326:INFO:RandomForestClassifier(bootstrap=True, ccp_alpha=0.0, class_weight='balanced',
                       criterion='entropy', max_depth=5, max_features='log2',
                       max_leaf_nodes=None, max_samples=None,
                       min_impurity_decrease=0.5, min_impurity_split=None,
                       min_samples_leaf=3, min_samples_split=2,
                       min_weight_fraction_leaf=0.0, n_estimators=210,
                       n_jobs=-1, oob_score=False, random_state=5449, verbose=0,
                       warm_start=False)
2021-04-09 09:59:56,326:INFO:tune_model() succesfully completed......................................
2021-04-09 10:00:16,662:INFO:Initializing plot_model()
2021-04-09 10:00:16,662:INFO:plot_model(plot=auc, fold=None, use_train_data=False, verbose=True, is_in_evaluate=False, display=None, display_format=None, estimator=RandomForestClassifier(bootstrap=True, ccp_alpha=0.0, class_weight=None,
                       criterion='gini', max_depth=None, max_features='auto',
                       max_leaf_nodes=None, max_samples=None,
                       min_impurity_decrease=0.0, min_impurity_split=None,
                       min_samples_leaf=1, min_samples_split=2,
                       min_weight_fraction_leaf=0.0, n_estimators=100,
                       n_jobs=-1, oob_score=False, random_state=5449, verbose=0,
                       warm_start=False), feature_name=None, fit_kwargs=None, groups=None, label=False, save=False, scale=1, system=True)
2021-04-09 10:00:16,662:INFO:Checking exceptions
2021-04-09 10:00:16,780:INFO:Preparing display monitor
2021-04-09 10:00:16,788:INFO:Preloading libraries
2021-04-09 10:00:16,796:INFO:Copying training dataset
2021-04-09 10:00:16,796:INFO:Copying test dataset
2021-04-09 10:00:16,796:INFO:Plot type: auc
2021-04-09 10:00:17,032:INFO:Fitting Model
2021-04-09 10:00:17,035:INFO:Scoring test/hold-out set
2021-04-09 10:00:17,435:INFO:Visual Rendered Successfully
2021-04-09 10:00:17,522:INFO:plot_model() succesfully completed......................................
2021-04-09 10:01:09,755:INFO:Initializing plot_model()
2021-04-09 10:01:09,755:INFO:plot_model(plot=confusion_matrix, fold=None, use_train_data=False, verbose=True, is_in_evaluate=False, display=None, display_format=None, estimator=RandomForestClassifier(bootstrap=True, ccp_alpha=0.0, class_weight=None,
                       criterion='gini', max_depth=None, max_features='auto',
                       max_leaf_nodes=None, max_samples=None,
                       min_impurity_decrease=0.0, min_impurity_split=None,
                       min_samples_leaf=1, min_samples_split=2,
                       min_weight_fraction_leaf=0.0, n_estimators=100,
                       n_jobs=-1, oob_score=False, random_state=5449, verbose=0,
                       warm_start=False), feature_name=None, fit_kwargs=None, groups=None, label=False, save=False, scale=1, system=True)
2021-04-09 10:01:09,756:INFO:Checking exceptions
2021-04-09 10:01:09,863:INFO:Preparing display monitor
2021-04-09 10:01:09,877:INFO:Preloading libraries
2021-04-09 10:01:09,888:INFO:Copying training dataset
2021-04-09 10:01:09,888:INFO:Copying test dataset
2021-04-09 10:01:09,888:INFO:Plot type: confusion_matrix
2021-04-09 10:01:10,133:INFO:Fitting Model
2021-04-09 10:01:10,136:INFO:Scoring test/hold-out set
2021-04-09 10:01:10,485:INFO:Visual Rendered Successfully
2021-04-09 10:01:10,564:INFO:plot_model() succesfully completed......................................
2021-04-09 10:02:44,530:INFO:Initializing plot_model()
2021-04-09 10:02:44,530:INFO:plot_model(plot=learning, fold=None, use_train_data=False, verbose=True, is_in_evaluate=False, display=None, display_format=None, estimator=RandomForestClassifier(bootstrap=True, ccp_alpha=0.0, class_weight=None,
                       criterion='gini', max_depth=None, max_features='auto',
                       max_leaf_nodes=None, max_samples=None,
                       min_impurity_decrease=0.0, min_impurity_split=None,
                       min_samples_leaf=1, min_samples_split=2,
                       min_weight_fraction_leaf=0.0, n_estimators=100,
                       n_jobs=-1, oob_score=False, random_state=5449, verbose=0,
                       warm_start=False), feature_name=None, fit_kwargs=None, groups=None, label=False, save=False, scale=1, system=True)
2021-04-09 10:02:44,530:INFO:Checking exceptions
2021-04-09 10:02:44,652:INFO:Preparing display monitor
2021-04-09 10:02:44,657:INFO:Preloading libraries
2021-04-09 10:02:44,665:INFO:Copying training dataset
2021-04-09 10:02:44,665:INFO:Copying test dataset
2021-04-09 10:02:44,666:INFO:Plot type: learning
2021-04-09 10:02:44,926:INFO:Fitting Model
2021-04-09 10:02:54,240:INFO:Visual Rendered Successfully
2021-04-09 10:02:54,331:INFO:plot_model() succesfully completed......................................
2021-04-09 10:15:22,329:INFO:Initializing plot_model()
2021-04-09 10:15:22,330:INFO:plot_model(plot=class_report, fold=None, use_train_data=False, verbose=True, is_in_evaluate=False, display=None, display_format=None, estimator=RandomForestClassifier(bootstrap=True, ccp_alpha=0.0, class_weight=None,
                       criterion='gini', max_depth=None, max_features='auto',
                       max_leaf_nodes=None, max_samples=None,
                       min_impurity_decrease=0.0, min_impurity_split=None,
                       min_samples_leaf=1, min_samples_split=2,
                       min_weight_fraction_leaf=0.0, n_estimators=100,
                       n_jobs=-1, oob_score=False, random_state=5449, verbose=0,
                       warm_start=False), feature_name=None, fit_kwargs=None, groups=None, label=False, save=False, scale=1, system=True)
2021-04-09 10:15:22,330:INFO:Checking exceptions
2021-04-09 10:15:22,441:INFO:Preparing display monitor
2021-04-09 10:15:22,453:INFO:Preloading libraries
2021-04-09 10:15:22,463:INFO:Copying training dataset
2021-04-09 10:15:22,463:INFO:Copying test dataset
2021-04-09 10:15:22,463:INFO:Plot type: class_report
2021-04-09 10:15:22,709:INFO:Fitting Model
2021-04-09 10:15:22,712:INFO:Scoring test/hold-out set
2021-04-09 10:15:23,134:INFO:Visual Rendered Successfully
2021-04-09 10:15:23,218:INFO:plot_model() succesfully completed......................................
2021-04-09 10:16:09,382:INFO:Initializing interpret_model()
2021-04-09 10:16:09,382:INFO:interpret_model(estimator=RandomForestClassifier(bootstrap=True, ccp_alpha=0.0, class_weight=None,
                       criterion='gini', max_depth=None, max_features='auto',
                       max_leaf_nodes=None, max_samples=None,
                       min_impurity_decrease=0.0, min_impurity_split=None,
                       min_samples_leaf=1, min_samples_split=2,
                       min_weight_fraction_leaf=0.0, n_estimators=100,
                       n_jobs=-1, oob_score=False, random_state=5449, verbose=0,
                       warm_start=False), use_train_data=False, feature=None, kwargs={}, observation=None, plot=summary, save=False)
2021-04-09 10:16:09,382:INFO:Checking exceptions
2021-04-09 10:16:09,542:INFO:plot type: summary
2021-04-09 10:16:09,542:INFO:Creating TreeExplainer
2021-04-09 10:16:09,611:INFO:Compiling shap values
2021-04-09 10:16:09,745:INFO:Visual Rendered Successfully
2021-04-09 10:16:09,745:INFO:interpret_model() succesfully completed......................................
2021-04-09 10:17:35,019:INFO:Initializing predict_model()
2021-04-09 10:17:35,019:INFO:predict_model(estimator=RandomForestClassifier(bootstrap=True, ccp_alpha=0.0, class_weight=None,
                       criterion='gini', max_depth=None, max_features='auto',
                       max_leaf_nodes=None, max_samples=None,
                       min_impurity_decrease=0.0, min_impurity_split=None,
                       min_samples_leaf=1, min_samples_split=2,
                       min_weight_fraction_leaf=0.0, n_estimators=100,
                       n_jobs=-1, oob_score=False, random_state=5449, verbose=0,
                       warm_start=False), probability_threshold=None, encoded_labels=False, raw_score=False, round=4, verbose=True, ml_usecase=MLUsecase.CLASSIFICATION, display=None)
2021-04-09 10:17:35,019:INFO:Checking exceptions
2021-04-09 10:17:35,019:INFO:Preloading libraries
2021-04-09 10:17:35,020:INFO:Preparing display monitor
2021-04-09 10:18:07,383:INFO:Initializing create_model()
2021-04-09 10:18:07,383:INFO:create_model(estimator=qda, fold=None, round=4, cross_validation=True, predict=True, fit_kwargs=None, groups=None, refit=True, verbose=True, system=True, metrics=None, display=None, kwargs={})
2021-04-09 10:18:07,383:INFO:Checking exceptions
2021-04-09 10:18:07,383:INFO:Preparing display monitor
2021-04-09 10:18:07,403:INFO:Importing libraries
2021-04-09 10:18:07,403:INFO:Copying training dataset
2021-04-09 10:18:07,405:INFO:Defining folds
2021-04-09 10:18:07,405:INFO:Declaring metric variables
2021-04-09 10:18:07,417:INFO:Importing untrained model
2021-04-09 10:18:07,430:INFO:Quadratic Discriminant Analysis Imported succesfully
2021-04-09 10:18:07,458:INFO:Starting cross validation
2021-04-09 10:18:07,458:INFO:Cross validating with StratifiedKFold(n_splits=10, random_state=None, shuffle=False), n_jobs=-1
2021-04-09 10:18:12,260:INFO:Calculating mean and std
2021-04-09 10:18:12,261:INFO:Creating metrics dataframe
2021-04-09 10:18:12,279:INFO:Finalizing model
2021-04-09 10:18:12,284:INFO:Uploading results into container
2021-04-09 10:18:12,284:INFO:Uploading model into container now
2021-04-09 10:18:12,317:INFO:create_model_container: 21
2021-04-09 10:18:12,317:INFO:master_model_container: 21
2021-04-09 10:18:12,317:INFO:display_container: 9
2021-04-09 10:18:12,317:INFO:QuadraticDiscriminantAnalysis(priors=None, reg_param=0.0,
                              store_covariance=False, tol=0.0001)
2021-04-09 10:18:12,317:INFO:create_model() succesfully completed......................................
2021-04-09 10:18:15,731:INFO:Initializing tune_model()
2021-04-09 10:18:15,731:INFO:tune_model(estimator=QuadraticDiscriminantAnalysis(priors=None, reg_param=0.0,
                              store_covariance=False, tol=0.0001), fold=None, round=4, n_iter=10, custom_grid=None, optimize=Accuracy, custom_scorer=None, search_library=scikit-learn, search_algorithm=None, early_stopping=False, early_stopping_max_iters=10, choose_better=False, fit_kwargs=None, groups=None, return_tuner=False, verbose=True, tuner_verbose=True, display=None, kwargs={})
2021-04-09 10:18:15,731:INFO:Checking exceptions
2021-04-09 10:18:15,733:INFO:Preparing display monitor
2021-04-09 10:18:15,753:INFO:Copying training dataset
2021-04-09 10:18:15,754:INFO:Checking base model
2021-04-09 10:18:15,754:INFO:Base model : Quadratic Discriminant Analysis
2021-04-09 10:18:15,767:INFO:Declaring metric variables
2021-04-09 10:18:15,780:INFO:Defining Hyperparameters
2021-04-09 10:18:15,863:INFO:Tuning with n_jobs=-1
2021-04-09 10:18:15,863:INFO:Initializing RandomizedSearchCV
2021-04-09 10:18:18,097:INFO:best_params: {'actual_estimator__reg_param': 0.0}
2021-04-09 10:18:18,098:INFO:Hyperparameter search completed
2021-04-09 10:18:18,098:INFO:SubProcess create_model() called ==================================
2021-04-09 10:18:18,098:INFO:Initializing create_model()
2021-04-09 10:18:18,098:INFO:create_model(estimator=QuadraticDiscriminantAnalysis(priors=None, reg_param=0.0,
                              store_covariance=False, tol=0.0001), fold=StratifiedKFold(n_splits=10, random_state=None, shuffle=False), round=4, cross_validation=True, predict=True, fit_kwargs={}, groups=None, refit=True, verbose=True, system=False, metrics=None, display=<pycaret.internal.Display.Display object at 0x000001AC063039C8>, kwargs={'reg_param': 0.0})
2021-04-09 10:18:18,098:INFO:Checking exceptions
2021-04-09 10:18:18,098:INFO:Importing libraries
2021-04-09 10:18:18,098:INFO:Copying training dataset
2021-04-09 10:18:18,099:INFO:Defining folds
2021-04-09 10:18:18,099:INFO:Declaring metric variables
2021-04-09 10:18:18,114:INFO:Importing untrained model
2021-04-09 10:18:18,114:INFO:Declaring custom model
2021-04-09 10:18:18,129:INFO:Quadratic Discriminant Analysis Imported succesfully
2021-04-09 10:18:18,156:INFO:Starting cross validation
2021-04-09 10:18:18,157:INFO:Cross validating with StratifiedKFold(n_splits=10, random_state=None, shuffle=False), n_jobs=-1
2021-04-09 10:18:18,234:INFO:Calculating mean and std
2021-04-09 10:18:18,235:INFO:Creating metrics dataframe
2021-04-09 10:18:18,250:INFO:Finalizing model
2021-04-09 10:18:18,253:INFO:Uploading results into container
2021-04-09 10:18:18,253:INFO:Uploading model into container now
2021-04-09 10:18:18,253:INFO:create_model_container: 22
2021-04-09 10:18:18,253:INFO:master_model_container: 22
2021-04-09 10:18:18,253:INFO:display_container: 10
2021-04-09 10:18:18,254:INFO:QuadraticDiscriminantAnalysis(priors=None, reg_param=0.0,
                              store_covariance=False, tol=0.0001)
2021-04-09 10:18:18,254:INFO:create_model() succesfully completed......................................
2021-04-09 10:18:18,336:INFO:SubProcess create_model() end ==================================
2021-04-09 10:18:18,373:INFO:create_model_container: 22
2021-04-09 10:18:18,373:INFO:master_model_container: 22
2021-04-09 10:18:18,373:INFO:display_container: 10
2021-04-09 10:18:18,373:INFO:QuadraticDiscriminantAnalysis(priors=None, reg_param=0.0,
                              store_covariance=False, tol=0.0001)
2021-04-09 10:18:18,373:INFO:tune_model() succesfully completed......................................
2021-04-09 10:18:21,764:INFO:Initializing plot_model()
2021-04-09 10:18:21,764:INFO:plot_model(plot=auc, fold=None, use_train_data=False, verbose=True, is_in_evaluate=False, display=None, display_format=None, estimator=QuadraticDiscriminantAnalysis(priors=None, reg_param=0.0,
                              store_covariance=False, tol=0.0001), feature_name=None, fit_kwargs=None, groups=None, label=False, save=False, scale=1, system=True)
2021-04-09 10:18:21,764:INFO:Checking exceptions
2021-04-09 10:18:21,765:INFO:Preparing display monitor
2021-04-09 10:18:21,772:INFO:Preloading libraries
2021-04-09 10:18:21,774:INFO:Copying training dataset
2021-04-09 10:18:21,774:INFO:Copying test dataset
2021-04-09 10:18:21,774:INFO:Plot type: auc
2021-04-09 10:18:21,776:INFO:Fitting Model
2021-04-09 10:18:21,777:INFO:Scoring test/hold-out set
2021-04-09 10:18:21,939:INFO:Visual Rendered Successfully
2021-04-09 10:18:22,018:INFO:plot_model() succesfully completed......................................
2021-04-09 10:18:37,065:INFO:Initializing create_model()
2021-04-09 10:18:37,065:INFO:create_model(estimator=rf, fold=None, round=4, cross_validation=True, predict=True, fit_kwargs=None, groups=None, refit=True, verbose=True, system=True, metrics=None, display=None, kwargs={})
2021-04-09 10:18:37,065:INFO:Checking exceptions
2021-04-09 10:18:37,065:INFO:Preparing display monitor
2021-04-09 10:18:37,086:INFO:Importing libraries
2021-04-09 10:18:37,086:INFO:Copying training dataset
2021-04-09 10:18:37,087:INFO:Defining folds
2021-04-09 10:18:37,087:INFO:Declaring metric variables
2021-04-09 10:18:37,100:INFO:Importing untrained model
2021-04-09 10:18:37,114:INFO:Random Forest Classifier Imported succesfully
2021-04-09 10:18:37,139:INFO:Starting cross validation
2021-04-09 10:18:37,139:INFO:Cross validating with StratifiedKFold(n_splits=10, random_state=None, shuffle=False), n_jobs=-1
2021-04-09 10:18:38,259:INFO:Calculating mean and std
2021-04-09 10:18:38,260:INFO:Creating metrics dataframe
2021-04-09 10:18:38,281:INFO:Finalizing model
2021-04-09 10:18:38,932:INFO:Uploading results into container
2021-04-09 10:18:38,932:INFO:Uploading model into container now
2021-04-09 10:18:38,966:INFO:create_model_container: 23
2021-04-09 10:18:38,967:INFO:master_model_container: 23
2021-04-09 10:18:38,967:INFO:display_container: 11
2021-04-09 10:18:38,967:INFO:RandomForestClassifier(bootstrap=True, ccp_alpha=0.0, class_weight=None,
                       criterion='gini', max_depth=None, max_features='auto',
                       max_leaf_nodes=None, max_samples=None,
                       min_impurity_decrease=0.0, min_impurity_split=None,
                       min_samples_leaf=1, min_samples_split=2,
                       min_weight_fraction_leaf=0.0, n_estimators=100,
                       n_jobs=-1, oob_score=False, random_state=5449, verbose=0,
                       warm_start=False)
2021-04-09 10:18:38,967:INFO:create_model() succesfully completed......................................
2021-04-09 10:18:44,065:INFO:Initializing tune_model()
2021-04-09 10:18:44,065:INFO:tune_model(estimator=RandomForestClassifier(bootstrap=True, ccp_alpha=0.0, class_weight=None,
                       criterion='gini', max_depth=None, max_features='auto',
                       max_leaf_nodes=None, max_samples=None,
                       min_impurity_decrease=0.0, min_impurity_split=None,
                       min_samples_leaf=1, min_samples_split=2,
                       min_weight_fraction_leaf=0.0, n_estimators=100,
                       n_jobs=-1, oob_score=False, random_state=5449, verbose=0,
                       warm_start=False), fold=None, round=4, n_iter=10, custom_grid=None, optimize=Accuracy, custom_scorer=None, search_library=scikit-learn, search_algorithm=None, early_stopping=False, early_stopping_max_iters=10, choose_better=False, fit_kwargs=None, groups=None, return_tuner=False, verbose=True, tuner_verbose=True, display=None, kwargs={})
2021-04-09 10:18:44,065:INFO:Checking exceptions
2021-04-09 10:18:44,067:INFO:Preparing display monitor
2021-04-09 10:18:44,088:INFO:Copying training dataset
2021-04-09 10:18:44,088:INFO:Checking base model
2021-04-09 10:18:44,089:INFO:Base model : Random Forest Classifier
2021-04-09 10:18:44,102:INFO:Declaring metric variables
2021-04-09 10:18:44,114:INFO:Defining Hyperparameters
2021-04-09 10:18:44,197:INFO:Tuning with n_jobs=-1
2021-04-09 10:18:44,197:INFO:Initializing RandomizedSearchCV
2021-04-09 10:18:51,884:INFO:best_params: {'actual_estimator__n_estimators': 210, 'actual_estimator__min_samples_split': 2, 'actual_estimator__min_samples_leaf': 3, 'actual_estimator__min_impurity_decrease': 0.5, 'actual_estimator__max_features': 'log2', 'actual_estimator__max_depth': 5, 'actual_estimator__criterion': 'entropy', 'actual_estimator__class_weight': 'balanced', 'actual_estimator__bootstrap': True}
2021-04-09 10:18:51,885:INFO:Hyperparameter search completed
2021-04-09 10:18:51,885:INFO:SubProcess create_model() called ==================================
2021-04-09 10:18:51,885:INFO:Initializing create_model()
2021-04-09 10:18:51,885:INFO:create_model(estimator=RandomForestClassifier(bootstrap=True, ccp_alpha=0.0, class_weight=None,
                       criterion='gini', max_depth=None, max_features='auto',
                       max_leaf_nodes=None, max_samples=None,
                       min_impurity_decrease=0.0, min_impurity_split=None,
                       min_samples_leaf=1, min_samples_split=2,
                       min_weight_fraction_leaf=0.0, n_estimators=100,
                       n_jobs=-1, oob_score=False, random_state=5449, verbose=0,
                       warm_start=False), fold=StratifiedKFold(n_splits=10, random_state=None, shuffle=False), round=4, cross_validation=True, predict=True, fit_kwargs={}, groups=None, refit=True, verbose=True, system=False, metrics=None, display=<pycaret.internal.Display.Display object at 0x000001AC099FBFC8>, kwargs={'n_estimators': 210, 'min_samples_split': 2, 'min_samples_leaf': 3, 'min_impurity_decrease': 0.5, 'max_features': 'log2', 'max_depth': 5, 'criterion': 'entropy', 'class_weight': 'balanced', 'bootstrap': True})
2021-04-09 10:18:51,885:INFO:Checking exceptions
2021-04-09 10:18:51,886:INFO:Importing libraries
2021-04-09 10:18:51,886:INFO:Copying training dataset
2021-04-09 10:18:51,886:INFO:Defining folds
2021-04-09 10:18:51,886:INFO:Declaring metric variables
2021-04-09 10:18:51,900:INFO:Importing untrained model
2021-04-09 10:18:51,900:INFO:Declaring custom model
2021-04-09 10:18:51,913:INFO:Random Forest Classifier Imported succesfully
2021-04-09 10:18:51,939:INFO:Starting cross validation
2021-04-09 10:18:51,940:INFO:Cross validating with StratifiedKFold(n_splits=10, random_state=None, shuffle=False), n_jobs=-1
2021-04-09 10:18:53,474:INFO:Calculating mean and std
2021-04-09 10:18:53,477:INFO:Creating metrics dataframe
2021-04-09 10:18:53,534:INFO:Finalizing model
2021-04-09 10:18:54,324:INFO:Uploading results into container
2021-04-09 10:18:54,324:INFO:Uploading model into container now
2021-04-09 10:18:54,324:INFO:create_model_container: 24
2021-04-09 10:18:54,324:INFO:master_model_container: 24
2021-04-09 10:18:54,325:INFO:display_container: 12
2021-04-09 10:18:54,325:INFO:RandomForestClassifier(bootstrap=True, ccp_alpha=0.0, class_weight='balanced',
                       criterion='entropy', max_depth=5, max_features='log2',
                       max_leaf_nodes=None, max_samples=None,
                       min_impurity_decrease=0.5, min_impurity_split=None,
                       min_samples_leaf=3, min_samples_split=2,
                       min_weight_fraction_leaf=0.0, n_estimators=210,
                       n_jobs=-1, oob_score=False, random_state=5449, verbose=0,
                       warm_start=False)
2021-04-09 10:18:54,325:INFO:create_model() succesfully completed......................................
2021-04-09 10:18:54,405:INFO:SubProcess create_model() end ==================================
2021-04-09 10:18:54,442:INFO:create_model_container: 24
2021-04-09 10:18:54,442:INFO:master_model_container: 24
2021-04-09 10:18:54,442:INFO:display_container: 12
2021-04-09 10:18:54,442:INFO:RandomForestClassifier(bootstrap=True, ccp_alpha=0.0, class_weight='balanced',
                       criterion='entropy', max_depth=5, max_features='log2',
                       max_leaf_nodes=None, max_samples=None,
                       min_impurity_decrease=0.5, min_impurity_split=None,
                       min_samples_leaf=3, min_samples_split=2,
                       min_weight_fraction_leaf=0.0, n_estimators=210,
                       n_jobs=-1, oob_score=False, random_state=5449, verbose=0,
                       warm_start=False)
2021-04-09 10:18:54,443:INFO:tune_model() succesfully completed......................................
2021-04-09 10:19:00,259:INFO:Initializing plot_model()
2021-04-09 10:19:00,259:INFO:plot_model(plot=auc, fold=None, use_train_data=False, verbose=True, is_in_evaluate=False, display=None, display_format=None, estimator=RandomForestClassifier(bootstrap=True, ccp_alpha=0.0, class_weight=None,
                       criterion='gini', max_depth=None, max_features='auto',
                       max_leaf_nodes=None, max_samples=None,
                       min_impurity_decrease=0.0, min_impurity_split=None,
                       min_samples_leaf=1, min_samples_split=2,
                       min_weight_fraction_leaf=0.0, n_estimators=100,
                       n_jobs=-1, oob_score=False, random_state=5449, verbose=0,
                       warm_start=False), feature_name=None, fit_kwargs=None, groups=None, label=False, save=False, scale=1, system=True)
2021-04-09 10:19:00,259:INFO:Checking exceptions
2021-04-09 10:19:00,372:INFO:Preparing display monitor
2021-04-09 10:19:00,380:INFO:Preloading libraries
2021-04-09 10:19:00,388:INFO:Copying training dataset
2021-04-09 10:19:00,388:INFO:Copying test dataset
2021-04-09 10:19:00,388:INFO:Plot type: auc
2021-04-09 10:19:00,625:INFO:Fitting Model
2021-04-09 10:19:00,627:INFO:Scoring test/hold-out set
2021-04-09 10:19:01,038:INFO:Visual Rendered Successfully
2021-04-09 10:19:01,122:INFO:plot_model() succesfully completed......................................
2021-04-09 10:19:04,505:INFO:Initializing plot_model()
2021-04-09 10:19:04,506:INFO:plot_model(plot=confusion_matrix, fold=None, use_train_data=False, verbose=True, is_in_evaluate=False, display=None, display_format=None, estimator=RandomForestClassifier(bootstrap=True, ccp_alpha=0.0, class_weight=None,
                       criterion='gini', max_depth=None, max_features='auto',
                       max_leaf_nodes=None, max_samples=None,
                       min_impurity_decrease=0.0, min_impurity_split=None,
                       min_samples_leaf=1, min_samples_split=2,
                       min_weight_fraction_leaf=0.0, n_estimators=100,
                       n_jobs=-1, oob_score=False, random_state=5449, verbose=0,
                       warm_start=False), feature_name=None, fit_kwargs=None, groups=None, label=False, save=False, scale=1, system=True)
2021-04-09 10:19:04,506:INFO:Checking exceptions
2021-04-09 10:19:04,616:INFO:Preparing display monitor
2021-04-09 10:19:04,626:INFO:Preloading libraries
2021-04-09 10:19:04,635:INFO:Copying training dataset
2021-04-09 10:19:04,635:INFO:Copying test dataset
2021-04-09 10:19:04,636:INFO:Plot type: confusion_matrix
2021-04-09 10:19:04,868:INFO:Fitting Model
2021-04-09 10:19:04,871:INFO:Scoring test/hold-out set
2021-04-09 10:19:05,221:INFO:Visual Rendered Successfully
2021-04-09 10:19:05,313:INFO:plot_model() succesfully completed......................................
2021-04-09 10:19:10,234:INFO:Initializing plot_model()
2021-04-09 10:19:10,234:INFO:plot_model(plot=class_report, fold=None, use_train_data=False, verbose=True, is_in_evaluate=False, display=None, display_format=None, estimator=QuadraticDiscriminantAnalysis(priors=None, reg_param=0.0,
                              store_covariance=False, tol=0.0001), feature_name=None, fit_kwargs=None, groups=None, label=False, save=False, scale=1, system=True)
2021-04-09 10:19:10,234:INFO:Checking exceptions
2021-04-09 10:19:10,235:INFO:Preparing display monitor
2021-04-09 10:19:10,242:INFO:Preloading libraries
2021-04-09 10:19:10,243:INFO:Copying training dataset
2021-04-09 10:19:10,243:INFO:Copying test dataset
2021-04-09 10:19:10,243:INFO:Plot type: class_report
2021-04-09 10:19:10,244:INFO:Fitting Model
2021-04-09 10:19:10,246:INFO:Scoring test/hold-out set
2021-04-09 10:19:10,432:INFO:Visual Rendered Successfully
2021-04-09 10:19:10,511:INFO:plot_model() succesfully completed......................................
2021-04-09 10:19:15,791:INFO:Initializing interpret_model()
2021-04-09 10:19:15,791:INFO:interpret_model(estimator=QuadraticDiscriminantAnalysis(priors=None, reg_param=0.0,
                              store_covariance=False, tol=0.0001), use_train_data=False, feature=None, kwargs={}, observation=None, plot=summary, save=False)
2021-04-09 10:19:15,791:INFO:Checking exceptions
2021-04-09 10:19:35,603:INFO:Initializing interpret_model()
2021-04-09 10:19:35,603:INFO:interpret_model(estimator=RandomForestClassifier(bootstrap=True, ccp_alpha=0.0, class_weight=None,
                       criterion='gini', max_depth=None, max_features='auto',
                       max_leaf_nodes=None, max_samples=None,
                       min_impurity_decrease=0.0, min_impurity_split=None,
                       min_samples_leaf=1, min_samples_split=2,
                       min_weight_fraction_leaf=0.0, n_estimators=100,
                       n_jobs=-1, oob_score=False, random_state=5449, verbose=0,
                       warm_start=False), use_train_data=False, feature=None, kwargs={}, observation=None, plot=summary, save=False)
2021-04-09 10:19:35,603:INFO:Checking exceptions
2021-04-09 10:19:35,604:INFO:plot type: summary
2021-04-09 10:19:35,604:INFO:Creating TreeExplainer
2021-04-09 10:19:35,611:INFO:Compiling shap values
2021-04-09 10:19:35,732:INFO:Visual Rendered Successfully
2021-04-09 10:19:35,732:INFO:interpret_model() succesfully completed......................................
2021-04-09 10:19:43,591:INFO:Initializing predict_model()
2021-04-09 10:19:43,591:INFO:predict_model(estimator=QuadraticDiscriminantAnalysis(priors=None, reg_param=0.0,
                              store_covariance=False, tol=0.0001), probability_threshold=None, encoded_labels=False, raw_score=False, round=4, verbose=True, ml_usecase=MLUsecase.CLASSIFICATION, display=None)
2021-04-09 10:19:43,592:INFO:Checking exceptions
2021-04-09 10:19:43,592:INFO:Preloading libraries
2021-04-09 10:19:43,592:INFO:Preparing display monitor
2021-04-09 10:20:28,220:INFO:Initializing finalize_model()
2021-04-09 10:20:28,220:INFO:finalize_model(estimator=QuadraticDiscriminantAnalysis(priors=None, reg_param=0.0,
                              store_covariance=False, tol=0.0001), fit_kwargs=None, groups=None, model_only=True, display=None)
2021-04-09 10:20:28,220:INFO:Finalizing QuadraticDiscriminantAnalysis(priors=None, reg_param=0.0,
                              store_covariance=False, tol=0.0001)
2021-04-09 10:20:28,221:INFO:Initializing create_model()
2021-04-09 10:20:28,221:INFO:create_model(estimator=QuadraticDiscriminantAnalysis(priors=None, reg_param=0.0,
                              store_covariance=False, tol=0.0001), fold=None, round=4, cross_validation=True, predict=True, fit_kwargs={}, groups=None, refit=True, verbose=False, system=False, metrics=None, display=None, kwargs={})
2021-04-09 10:20:28,221:INFO:Checking exceptions
2021-04-09 10:20:28,221:INFO:Importing libraries
2021-04-09 10:20:28,221:INFO:Copying training dataset
2021-04-09 10:20:28,221:INFO:Defining folds
2021-04-09 10:20:28,221:INFO:Declaring metric variables
2021-04-09 10:20:28,221:INFO:Importing untrained model
2021-04-09 10:20:28,221:INFO:Declaring custom model
2021-04-09 10:20:28,222:INFO:Quadratic Discriminant Analysis Imported succesfully
2021-04-09 10:20:28,222:INFO:Starting cross validation
2021-04-09 10:20:28,222:INFO:Cross validating with StratifiedKFold(n_splits=10, random_state=None, shuffle=False), n_jobs=-1
2021-04-09 10:20:28,291:INFO:Calculating mean and std
2021-04-09 10:20:28,291:INFO:Creating metrics dataframe
2021-04-09 10:20:28,294:INFO:Finalizing model
2021-04-09 10:20:28,296:INFO:Uploading results into container
2021-04-09 10:20:28,296:INFO:Uploading model into container now
2021-04-09 10:20:28,296:INFO:create_model_container: 25
2021-04-09 10:20:28,297:INFO:master_model_container: 25
2021-04-09 10:20:28,297:INFO:display_container: 14
2021-04-09 10:20:28,297:INFO:QuadraticDiscriminantAnalysis(priors=None, reg_param=0.0,
                              store_covariance=False, tol=0.0001)
2021-04-09 10:20:28,297:INFO:create_model() succesfully completed......................................
2021-04-09 10:20:28,388:INFO:create_model_container: 25
2021-04-09 10:20:28,389:INFO:master_model_container: 25
2021-04-09 10:20:28,389:INFO:display_container: 13
2021-04-09 10:20:28,389:INFO:QuadraticDiscriminantAnalysis(priors=None, reg_param=0.0,
                              store_covariance=False, tol=0.0001)
2021-04-09 10:20:28,389:INFO:finalize_model() succesfully completed......................................
2021-04-09 10:21:11,483:INFO:Initializing save_model()
2021-04-09 10:21:11,483:INFO:save_model(model=QuadraticDiscriminantAnalysis(priors=None, reg_param=0.0,
                              store_covariance=False, tol=0.0001), model_name=iris, prep_pipe_=Pipeline(memory=None,
         steps=[('dtypes',
                 DataTypes_Auto_infer(categorical_features=[],
                                      display_types=True, features_todrop=[],
                                      id_columns=[],
                                      ml_usecase='classification',
                                      numerical_features=[], target='species',
                                      time_features=[])),
                ('imputer',
                 Simple_Imputer(categorical_strategy='not_available',
                                fill_value_categorical=None,
                                fill_value_numerical=None,
                                numeric_stra...
                ('scaling', 'passthrough'), ('P_transform', 'passthrough'),
                ('binn', 'passthrough'), ('rem_outliers', 'passthrough'),
                ('cluster_all', 'passthrough'),
                ('dummy', Dummify(target='species')),
                ('fix_perfect', Remove_100(target='species')),
                ('clean_names', Clean_Colum_Names()),
                ('feature_select', 'passthrough'), ('fix_multi', 'passthrough'),
                ('dfs', 'passthrough'), ('pca', 'passthrough')],
         verbose=False), verbose=True)
2021-04-09 10:21:11,483:INFO:Adding model into prep_pipe
2021-04-09 10:21:11,491:INFO:iris.pkl saved in current working directory
2021-04-09 10:21:11,496:INFO:Pipeline(memory=None,
         steps=[('dtypes',
                 DataTypes_Auto_infer(categorical_features=[],
                                      display_types=True, features_todrop=[],
                                      id_columns=[],
                                      ml_usecase='classification',
                                      numerical_features=[], target='species',
                                      time_features=[])),
                ('imputer',
                 Simple_Imputer(categorical_strategy='not_available',
                                fill_value_categorical=None,
                                fill_value_numerical=None,
                                numeric_stra...
                ('cluster_all', 'passthrough'),
                ('dummy', Dummify(target='species')),
                ('fix_perfect', Remove_100(target='species')),
                ('clean_names', Clean_Colum_Names()),
                ('feature_select', 'passthrough'), ('fix_multi', 'passthrough'),
                ('dfs', 'passthrough'), ('pca', 'passthrough'),
                ['trained_model',
                 QuadraticDiscriminantAnalysis(priors=None, reg_param=0.0,
                                               store_covariance=False,
                                               tol=0.0001)]],
         verbose=False)
2021-04-09 10:21:11,496:INFO:save_model() succesfully completed......................................
2021-04-09 10:22:49,673:INFO:Initializing save_model()
2021-04-09 10:22:49,673:INFO:save_model(model=QuadraticDiscriminantAnalysis(priors=None, reg_param=0.0,
                              store_covariance=False, tol=0.0001), model_name=qda_iris, prep_pipe_=Pipeline(memory=None,
         steps=[('dtypes',
                 DataTypes_Auto_infer(categorical_features=[],
                                      display_types=True, features_todrop=[],
                                      id_columns=[],
                                      ml_usecase='classification',
                                      numerical_features=[], target='species',
                                      time_features=[])),
                ('imputer',
                 Simple_Imputer(categorical_strategy='not_available',
                                fill_value_categorical=None,
                                fill_value_numerical=None,
                                numeric_stra...
                ('scaling', 'passthrough'), ('P_transform', 'passthrough'),
                ('binn', 'passthrough'), ('rem_outliers', 'passthrough'),
                ('cluster_all', 'passthrough'),
                ('dummy', Dummify(target='species')),
                ('fix_perfect', Remove_100(target='species')),
                ('clean_names', Clean_Colum_Names()),
                ('feature_select', 'passthrough'), ('fix_multi', 'passthrough'),
                ('dfs', 'passthrough'), ('pca', 'passthrough')],
         verbose=False), verbose=True)
2021-04-09 10:22:49,673:INFO:Adding model into prep_pipe
2021-04-09 10:22:49,681:INFO:qda_iris.pkl saved in current working directory
2021-04-09 10:22:49,685:INFO:Pipeline(memory=None,
         steps=[('dtypes',
                 DataTypes_Auto_infer(categorical_features=[],
                                      display_types=True, features_todrop=[],
                                      id_columns=[],
                                      ml_usecase='classification',
                                      numerical_features=[], target='species',
                                      time_features=[])),
                ('imputer',
                 Simple_Imputer(categorical_strategy='not_available',
                                fill_value_categorical=None,
                                fill_value_numerical=None,
                                numeric_stra...
                ('cluster_all', 'passthrough'),
                ('dummy', Dummify(target='species')),
                ('fix_perfect', Remove_100(target='species')),
                ('clean_names', Clean_Colum_Names()),
                ('feature_select', 'passthrough'), ('fix_multi', 'passthrough'),
                ('dfs', 'passthrough'), ('pca', 'passthrough'),
                ['trained_model',
                 QuadraticDiscriminantAnalysis(priors=None, reg_param=0.0,
                                               store_covariance=False,
                                               tol=0.0001)]],
         verbose=False)
2021-04-09 10:22:49,685:INFO:save_model() succesfully completed......................................
2021-04-09 10:23:01,929:INFO:Initializing load_model()
2021-04-09 10:23:01,929:INFO:load_model(model_name=qda_iris, platform=None, authentication=None, verbose=True)
2021-04-09 10:31:33,950:INFO:PyCaret Supervised Module
2021-04-09 10:31:33,950:INFO:ML Usecase: regression
2021-04-09 10:31:33,950:INFO:version 2.3.0
2021-04-09 10:31:33,950:INFO:Initializing setup()
2021-04-09 10:31:33,950:INFO:setup(target=UnitPrice, ml_usecase=regression, available_plots={'parameter': 'Hyperparameters', 'residuals': 'Residuals', 'error': 'Prediction Error', 'cooks': 'Cooks Distance', 'rfe': 'Feature Selection', 'learning': 'Learning Curve', 'manifold': 'Manifold Learning', 'vc': 'Validation Curve', 'feature': 'Feature Importance', 'feature_all': 'Feature Importance (All)', 'tree': 'Decision Tree', 'residuals_interactive': 'Interactive Residuals'}, train_size=0.7, test_data=None, preprocess=True, imputation_type=simple, iterative_imputation_iters=5, categorical_features=None, categorical_imputation=constant, categorical_iterative_imputer=lightgbm, ordinal_features=None, high_cardinality_features=None, high_cardinality_method=frequency, numeric_features=None, numeric_imputation=mean, numeric_iterative_imputer=lightgbm, date_features=None, ignore_features=None, normalize=False, normalize_method=zscore, transformation=False, transformation_method=yeo-johnson, handle_unknown_categorical=True, unknown_categorical_method=least_frequent, pca=False, pca_method=linear, pca_components=None, ignore_low_variance=False, combine_rare_levels=False, rare_level_threshold=0.1, bin_numeric_features=None, remove_outliers=False, outliers_threshold=0.05, remove_multicollinearity=False, multicollinearity_threshold=0.9, remove_perfect_collinearity=True, create_clusters=False, cluster_iter=20, polynomial_features=False, polynomial_degree=2, trigonometry_features=False, polynomial_threshold=0.1, group_features=None, group_names=None, feature_selection=False, feature_selection_threshold=0.8, feature_selection_method=classic, feature_interaction=False, feature_ratio=False, interaction_threshold=0.01, fix_imbalance=False, fix_imbalance_method=None, transform_target=False, transform_target_method=box-cox, data_split_shuffle=True, data_split_stratify=False, fold_strategy=kfold, fold=10, fold_shuffle=False, fold_groups=None, n_jobs=-1, use_gpu=False, custom_pipeline=None, html=True, session_id=None, log_experiment=False, experiment_name=None, log_plots=False, log_profile=False, log_data=False, silent=False, verbose=True, profile=False, profile_kwargs=None, display=None)
2021-04-09 10:31:33,950:INFO:Checking environment
2021-04-09 10:31:33,950:INFO:python_version: 3.7.7
2021-04-09 10:31:33,950:INFO:python_build: ('default', 'May  6 2020 11:45:54')
2021-04-09 10:31:33,951:INFO:machine: AMD64
2021-04-09 10:31:33,951:INFO:platform: Windows-10-10.0.19041-SP0
2021-04-09 10:31:33,951:INFO:Memory: svmem(total=33840140288, available=23153025024, percent=31.6, used=10687115264, free=23153025024)
2021-04-09 10:31:33,951:INFO:Physical Core: 6
2021-04-09 10:31:33,951:INFO:Logical Core: 12
2021-04-09 10:31:33,951:INFO:Checking libraries
2021-04-09 10:31:33,951:INFO:pd==1.0.5
2021-04-09 10:31:33,951:INFO:numpy==1.19.5
2021-04-09 10:31:33,951:INFO:sklearn==0.23.1
2021-04-09 10:31:33,951:INFO:lightgbm==2.3.1
2021-04-09 10:31:33,951:INFO:catboost==0.25.1
2021-04-09 10:31:33,951:INFO:xgboost==1.1.1
2021-04-09 10:31:33,951:INFO:mlflow==1.15.0
2021-04-09 10:31:33,951:INFO:Checking Exceptions
2021-04-09 10:31:33,952:INFO:Declaring global variables
2021-04-09 10:31:33,952:INFO:USI: 2f81
2021-04-09 10:31:33,952:INFO:pycaret_globals: {'_ml_usecase', 'transform_target_method_param', 'y', 'logging_param', 'exp_name_log', '_all_models', 'fold_param', 'fold_shuffle_param', 'X_test', 'USI', 'transform_target_param', 'target_param', '_internal_pipeline', 'log_plots_param', 'gpu_param', 'data_before_preprocess', 'n_jobs_param', 'display_container', 'pycaret_globals', '_available_plots', '_gpu_n_jobs_param', 'master_model_container', 'prep_pipe', 'iterative_imputation_iters_param', 'X_train', 'stratify_param', 'y_test', 'imputation_classifier', 'y_train', '_all_models_internal', 'create_model_container', 'fold_generator', 'imputation_regressor', 'html_param', 'fix_imbalance_param', 'fold_groups_param', 'experiment__', 'fix_imbalance_method_param', 'seed', 'X', '_all_metrics'}
2021-04-09 10:31:33,952:INFO:Preparing display monitor
2021-04-09 10:31:33,952:INFO:Preparing display monitor
2021-04-09 10:31:33,963:INFO:Importing libraries
2021-04-09 10:31:33,963:INFO:Copying data for preprocessing
2021-04-09 10:31:33,969:INFO:Declaring preprocessing parameters
2021-04-09 10:31:33,970:INFO:Creating preprocessing pipeline
2021-04-09 10:31:33,974:INFO:Preprocessing pipeline created successfully
2021-04-09 10:31:33,974:ERROR:(Process Exit): setup has been interupted with user command 'quit'. setup must rerun.
2021-04-09 10:31:33,974:INFO:Creating global containers
2021-04-09 10:31:33,975:INFO:Internal pipeline: Pipeline(memory=None, steps=[('empty_step', 'passthrough')], verbose=False)
2021-04-09 10:31:51,628:INFO:Creating grid variables
2021-04-09 10:31:51,673:INFO:create_model_container: 0
2021-04-09 10:31:51,673:INFO:master_model_container: 0
2021-04-09 10:31:51,673:INFO:display_container: 1
2021-04-09 10:31:51,677:INFO:Pipeline(memory=None,
         steps=[('dtypes',
                 DataTypes_Auto_infer(categorical_features=[],
                                      display_types=True, features_todrop=[],
                                      id_columns=[], ml_usecase='regression',
                                      numerical_features=[], target='UnitPrice',
                                      time_features=[])),
                ('imputer',
                 Simple_Imputer(categorical_strategy='not_available',
                                fill_value_categorical=None,
                                fill_value_numerical=None,
                                numeric_strate...
                ('scaling', 'passthrough'), ('P_transform', 'passthrough'),
                ('binn', 'passthrough'), ('rem_outliers', 'passthrough'),
                ('cluster_all', 'passthrough'),
                ('dummy', Dummify(target='UnitPrice')),
                ('fix_perfect', Remove_100(target='UnitPrice')),
                ('clean_names', Clean_Colum_Names()),
                ('feature_select', 'passthrough'), ('fix_multi', 'passthrough'),
                ('dfs', 'passthrough'), ('pca', 'passthrough')],
         verbose=False)
2021-04-09 10:31:51,677:INFO:setup() succesfully completed......................................
2021-04-09 10:32:08,728:INFO:Initializing compare_models()
2021-04-09 10:32:08,728:INFO:compare_models(include=None, fold=None, round=4, cross_validation=True, sort=R2, n_select=1, budget_time=None, turbo=True, errors=ignore, fit_kwargs=None, groups=None, verbose=True, display=None, exclude=None)
2021-04-09 10:32:08,728:INFO:Checking exceptions
2021-04-09 10:32:08,728:INFO:Preparing display monitor
2021-04-09 10:32:08,728:INFO:Preparing display monitor
2021-04-09 10:32:08,754:INFO:Initializing Linear Regression
2021-04-09 10:32:08,754:INFO:Total runtime is 0.0 minutes
2021-04-09 10:32:08,764:INFO:SubProcess create_model() called ==================================
2021-04-09 10:32:08,764:INFO:Initializing create_model()
2021-04-09 10:32:08,764:INFO:create_model(estimator=lr, fold=KFold(n_splits=10, random_state=None, shuffle=False), round=4, cross_validation=True, predict=True, fit_kwargs={}, groups=None, refit=False, verbose=False, system=False, metrics=None, display=<pycaret.internal.Display.Display object at 0x000001AC0672B748>, kwargs={})
2021-04-09 10:32:08,764:INFO:Checking exceptions
2021-04-09 10:32:08,764:INFO:Importing libraries
2021-04-09 10:32:08,764:INFO:Copying training dataset
2021-04-09 10:32:08,765:INFO:Defining folds
2021-04-09 10:32:08,765:INFO:Declaring metric variables
2021-04-09 10:32:08,773:INFO:Importing untrained model
2021-04-09 10:32:08,782:INFO:Linear Regression Imported succesfully
2021-04-09 10:32:08,796:INFO:Starting cross validation
2021-04-09 10:32:08,796:INFO:Cross validating with KFold(n_splits=10, random_state=None, shuffle=False), n_jobs=-1
2021-04-09 10:32:13,616:INFO:Calculating mean and std
2021-04-09 10:32:13,616:INFO:Creating metrics dataframe
2021-04-09 10:32:13,616:INFO:Uploading results into container
2021-04-09 10:32:13,616:INFO:Uploading model into container now
2021-04-09 10:32:13,616:INFO:create_model_container: 1
2021-04-09 10:32:13,616:INFO:master_model_container: 1
2021-04-09 10:32:13,616:INFO:display_container: 2
2021-04-09 10:32:13,616:INFO:LinearRegression(copy_X=True, fit_intercept=True, n_jobs=-1, normalize=False)
2021-04-09 10:32:13,616:INFO:create_model() succesfully completed......................................
2021-04-09 10:32:13,706:INFO:SubProcess create_model() end ==================================
2021-04-09 10:32:13,706:INFO:Creating metrics dataframe
2021-04-09 10:32:13,722:INFO:Initializing Lasso Regression
2021-04-09 10:32:13,722:INFO:Total runtime is 0.08278628587722778 minutes
2021-04-09 10:32:13,740:INFO:SubProcess create_model() called ==================================
2021-04-09 10:32:13,740:INFO:Initializing create_model()
2021-04-09 10:32:13,740:INFO:create_model(estimator=lasso, fold=KFold(n_splits=10, random_state=None, shuffle=False), round=4, cross_validation=True, predict=True, fit_kwargs={}, groups=None, refit=False, verbose=False, system=False, metrics=None, display=<pycaret.internal.Display.Display object at 0x000001AC0672B748>, kwargs={})
2021-04-09 10:32:13,740:INFO:Checking exceptions
2021-04-09 10:32:13,740:INFO:Importing libraries
2021-04-09 10:32:13,740:INFO:Copying training dataset
2021-04-09 10:32:13,741:INFO:Defining folds
2021-04-09 10:32:13,741:INFO:Declaring metric variables
2021-04-09 10:32:13,749:INFO:Importing untrained model
2021-04-09 10:32:13,756:INFO:Lasso Regression Imported succesfully
2021-04-09 10:32:13,771:INFO:Starting cross validation
2021-04-09 10:32:13,772:INFO:Cross validating with KFold(n_splits=10, random_state=None, shuffle=False), n_jobs=-1
2021-04-09 10:32:15,908:INFO:Calculating mean and std
2021-04-09 10:32:15,909:INFO:Creating metrics dataframe
2021-04-09 10:32:15,913:INFO:Uploading results into container
2021-04-09 10:32:15,913:INFO:Uploading model into container now
2021-04-09 10:32:15,913:INFO:create_model_container: 2
2021-04-09 10:32:15,913:INFO:master_model_container: 2
2021-04-09 10:32:15,913:INFO:display_container: 2
2021-04-09 10:32:15,913:INFO:Lasso(alpha=1.0, copy_X=True, fit_intercept=True, max_iter=1000,
      normalize=False, positive=False, precompute=False, random_state=309,
      selection='cyclic', tol=0.0001, warm_start=False)
2021-04-09 10:32:15,913:INFO:create_model() succesfully completed......................................
2021-04-09 10:32:16,002:INFO:SubProcess create_model() end ==================================
2021-04-09 10:32:16,002:INFO:Creating metrics dataframe
2021-04-09 10:32:16,020:INFO:Initializing Ridge Regression
2021-04-09 10:32:16,020:INFO:Total runtime is 0.1210946520169576 minutes
2021-04-09 10:32:16,029:INFO:SubProcess create_model() called ==================================
2021-04-09 10:32:16,029:INFO:Initializing create_model()
2021-04-09 10:32:16,030:INFO:create_model(estimator=ridge, fold=KFold(n_splits=10, random_state=None, shuffle=False), round=4, cross_validation=True, predict=True, fit_kwargs={}, groups=None, refit=False, verbose=False, system=False, metrics=None, display=<pycaret.internal.Display.Display object at 0x000001AC0672B748>, kwargs={})
2021-04-09 10:32:16,030:INFO:Checking exceptions
2021-04-09 10:32:16,030:INFO:Importing libraries
2021-04-09 10:32:16,030:INFO:Copying training dataset
2021-04-09 10:32:16,031:INFO:Defining folds
2021-04-09 10:32:16,031:INFO:Declaring metric variables
2021-04-09 10:32:16,046:INFO:Importing untrained model
2021-04-09 10:32:16,056:INFO:Ridge Regression Imported succesfully
2021-04-09 10:32:16,075:INFO:Starting cross validation
2021-04-09 10:32:16,075:INFO:Cross validating with KFold(n_splits=10, random_state=None, shuffle=False), n_jobs=-1
2021-04-09 10:32:16,150:INFO:Calculating mean and std
2021-04-09 10:32:16,150:INFO:Creating metrics dataframe
2021-04-09 10:32:16,154:INFO:Uploading results into container
2021-04-09 10:32:16,154:INFO:Uploading model into container now
2021-04-09 10:32:16,154:INFO:create_model_container: 3
2021-04-09 10:32:16,154:INFO:master_model_container: 3
2021-04-09 10:32:16,154:INFO:display_container: 2
2021-04-09 10:32:16,155:INFO:Ridge(alpha=1.0, copy_X=True, fit_intercept=True, max_iter=None,
      normalize=False, random_state=309, solver='auto', tol=0.001)
2021-04-09 10:32:16,155:INFO:create_model() succesfully completed......................................
2021-04-09 10:32:16,247:INFO:SubProcess create_model() end ==================================
2021-04-09 10:32:16,247:INFO:Creating metrics dataframe
2021-04-09 10:32:16,268:INFO:Initializing Elastic Net
2021-04-09 10:32:16,268:INFO:Total runtime is 0.12523432970046997 minutes
2021-04-09 10:32:16,277:INFO:SubProcess create_model() called ==================================
2021-04-09 10:32:16,277:INFO:Initializing create_model()
2021-04-09 10:32:16,277:INFO:create_model(estimator=en, fold=KFold(n_splits=10, random_state=None, shuffle=False), round=4, cross_validation=True, predict=True, fit_kwargs={}, groups=None, refit=False, verbose=False, system=False, metrics=None, display=<pycaret.internal.Display.Display object at 0x000001AC0672B748>, kwargs={})
2021-04-09 10:32:16,278:INFO:Checking exceptions
2021-04-09 10:32:16,278:INFO:Importing libraries
2021-04-09 10:32:16,278:INFO:Copying training dataset
2021-04-09 10:32:16,279:INFO:Defining folds
2021-04-09 10:32:16,279:INFO:Declaring metric variables
2021-04-09 10:32:16,286:INFO:Importing untrained model
2021-04-09 10:32:16,295:INFO:Elastic Net Imported succesfully
2021-04-09 10:32:16,309:INFO:Starting cross validation
2021-04-09 10:32:16,310:INFO:Cross validating with KFold(n_splits=10, random_state=None, shuffle=False), n_jobs=-1
2021-04-09 10:32:16,383:INFO:Calculating mean and std
2021-04-09 10:32:16,384:INFO:Creating metrics dataframe
2021-04-09 10:32:16,387:INFO:Uploading results into container
2021-04-09 10:32:16,388:INFO:Uploading model into container now
2021-04-09 10:32:16,388:INFO:create_model_container: 4
2021-04-09 10:32:16,388:INFO:master_model_container: 4
2021-04-09 10:32:16,388:INFO:display_container: 2
2021-04-09 10:32:16,388:INFO:ElasticNet(alpha=1.0, copy_X=True, fit_intercept=True, l1_ratio=0.5,
           max_iter=1000, normalize=False, positive=False, precompute=False,
           random_state=309, selection='cyclic', tol=0.0001, warm_start=False)
2021-04-09 10:32:16,388:INFO:create_model() succesfully completed......................................
2021-04-09 10:32:16,471:INFO:SubProcess create_model() end ==================================
2021-04-09 10:32:16,471:INFO:Creating metrics dataframe
2021-04-09 10:32:16,494:INFO:Initializing Least Angle Regression
2021-04-09 10:32:16,494:INFO:Total runtime is 0.128993022441864 minutes
2021-04-09 10:32:16,502:INFO:SubProcess create_model() called ==================================
2021-04-09 10:32:16,503:INFO:Initializing create_model()
2021-04-09 10:32:16,503:INFO:create_model(estimator=lar, fold=KFold(n_splits=10, random_state=None, shuffle=False), round=4, cross_validation=True, predict=True, fit_kwargs={}, groups=None, refit=False, verbose=False, system=False, metrics=None, display=<pycaret.internal.Display.Display object at 0x000001AC0672B748>, kwargs={})
2021-04-09 10:32:16,503:INFO:Checking exceptions
2021-04-09 10:32:16,503:INFO:Importing libraries
2021-04-09 10:32:16,503:INFO:Copying training dataset
2021-04-09 10:32:16,504:INFO:Defining folds
2021-04-09 10:32:16,504:INFO:Declaring metric variables
2021-04-09 10:32:16,511:INFO:Importing untrained model
2021-04-09 10:32:16,519:INFO:Least Angle Regression Imported succesfully
2021-04-09 10:32:16,532:INFO:Starting cross validation
2021-04-09 10:32:16,533:INFO:Cross validating with KFold(n_splits=10, random_state=None, shuffle=False), n_jobs=-1
2021-04-09 10:32:16,600:INFO:Calculating mean and std
2021-04-09 10:32:16,601:INFO:Creating metrics dataframe
2021-04-09 10:32:16,604:INFO:Uploading results into container
2021-04-09 10:32:16,604:INFO:Uploading model into container now
2021-04-09 10:32:16,604:INFO:create_model_container: 5
2021-04-09 10:32:16,604:INFO:master_model_container: 5
2021-04-09 10:32:16,604:INFO:display_container: 2
2021-04-09 10:32:16,605:INFO:Lars(copy_X=True, eps=2.220446049250313e-16, fit_intercept=True, fit_path=True,
     jitter=None, n_nonzero_coefs=500, normalize=True, precompute='auto',
     random_state=309, verbose=False)
2021-04-09 10:32:16,605:INFO:create_model() succesfully completed......................................
2021-04-09 10:32:16,675:INFO:SubProcess create_model() end ==================================
2021-04-09 10:32:16,675:INFO:Creating metrics dataframe
2021-04-09 10:32:16,710:INFO:Initializing Lasso Least Angle Regression
2021-04-09 10:32:16,710:INFO:Total runtime is 0.13258716265360512 minutes
2021-04-09 10:32:16,718:INFO:SubProcess create_model() called ==================================
2021-04-09 10:32:16,718:INFO:Initializing create_model()
2021-04-09 10:32:16,718:INFO:create_model(estimator=llar, fold=KFold(n_splits=10, random_state=None, shuffle=False), round=4, cross_validation=True, predict=True, fit_kwargs={}, groups=None, refit=False, verbose=False, system=False, metrics=None, display=<pycaret.internal.Display.Display object at 0x000001AC0672B748>, kwargs={})
2021-04-09 10:32:16,718:INFO:Checking exceptions
2021-04-09 10:32:16,718:INFO:Importing libraries
2021-04-09 10:32:16,718:INFO:Copying training dataset
2021-04-09 10:32:16,719:INFO:Defining folds
2021-04-09 10:32:16,719:INFO:Declaring metric variables
2021-04-09 10:32:16,727:INFO:Importing untrained model
2021-04-09 10:32:16,734:INFO:Lasso Least Angle Regression Imported succesfully
2021-04-09 10:32:16,746:INFO:Starting cross validation
2021-04-09 10:32:16,747:INFO:Cross validating with KFold(n_splits=10, random_state=None, shuffle=False), n_jobs=-1
2021-04-09 10:32:16,811:INFO:Calculating mean and std
2021-04-09 10:32:16,811:INFO:Creating metrics dataframe
2021-04-09 10:32:16,815:INFO:Uploading results into container
2021-04-09 10:32:16,815:INFO:Uploading model into container now
2021-04-09 10:32:16,815:INFO:create_model_container: 6
2021-04-09 10:32:16,815:INFO:master_model_container: 6
2021-04-09 10:32:16,815:INFO:display_container: 2
2021-04-09 10:32:16,815:INFO:LassoLars(alpha=1.0, copy_X=True, eps=2.220446049250313e-16, fit_intercept=True,
          fit_path=True, jitter=None, max_iter=500, normalize=True,
          positive=False, precompute='auto', random_state=309, verbose=False)
2021-04-09 10:32:16,815:INFO:create_model() succesfully completed......................................
2021-04-09 10:32:16,888:INFO:SubProcess create_model() end ==================================
2021-04-09 10:32:16,888:INFO:Creating metrics dataframe
2021-04-09 10:32:16,925:INFO:Initializing Orthogonal Matching Pursuit
2021-04-09 10:32:16,925:INFO:Total runtime is 0.1361721634864807 minutes
2021-04-09 10:32:16,933:INFO:SubProcess create_model() called ==================================
2021-04-09 10:32:16,933:INFO:Initializing create_model()
2021-04-09 10:32:16,933:INFO:create_model(estimator=omp, fold=KFold(n_splits=10, random_state=None, shuffle=False), round=4, cross_validation=True, predict=True, fit_kwargs={}, groups=None, refit=False, verbose=False, system=False, metrics=None, display=<pycaret.internal.Display.Display object at 0x000001AC0672B748>, kwargs={})
2021-04-09 10:32:16,933:INFO:Checking exceptions
2021-04-09 10:32:16,933:INFO:Importing libraries
2021-04-09 10:32:16,933:INFO:Copying training dataset
2021-04-09 10:32:16,934:INFO:Defining folds
2021-04-09 10:32:16,934:INFO:Declaring metric variables
2021-04-09 10:32:16,941:INFO:Importing untrained model
2021-04-09 10:32:16,948:INFO:Orthogonal Matching Pursuit Imported succesfully
2021-04-09 10:32:16,963:INFO:Starting cross validation
2021-04-09 10:32:16,964:INFO:Cross validating with KFold(n_splits=10, random_state=None, shuffle=False), n_jobs=-1
2021-04-09 10:32:17,025:INFO:Calculating mean and std
2021-04-09 10:32:17,026:INFO:Creating metrics dataframe
2021-04-09 10:32:17,029:INFO:Uploading results into container
2021-04-09 10:32:17,029:INFO:Uploading model into container now
2021-04-09 10:32:17,029:INFO:create_model_container: 7
2021-04-09 10:32:17,029:INFO:master_model_container: 7
2021-04-09 10:32:17,029:INFO:display_container: 2
2021-04-09 10:32:17,029:INFO:OrthogonalMatchingPursuit(fit_intercept=True, n_nonzero_coefs=None,
                          normalize=True, precompute='auto', tol=None)
2021-04-09 10:32:17,029:INFO:create_model() succesfully completed......................................
2021-04-09 10:32:17,112:INFO:SubProcess create_model() end ==================================
2021-04-09 10:32:17,112:INFO:Creating metrics dataframe
2021-04-09 10:32:17,141:INFO:Initializing Bayesian Ridge
2021-04-09 10:32:17,141:INFO:Total runtime is 0.13978222608566282 minutes
2021-04-09 10:32:17,149:INFO:SubProcess create_model() called ==================================
2021-04-09 10:32:17,149:INFO:Initializing create_model()
2021-04-09 10:32:17,149:INFO:create_model(estimator=br, fold=KFold(n_splits=10, random_state=None, shuffle=False), round=4, cross_validation=True, predict=True, fit_kwargs={}, groups=None, refit=False, verbose=False, system=False, metrics=None, display=<pycaret.internal.Display.Display object at 0x000001AC0672B748>, kwargs={})
2021-04-09 10:32:17,149:INFO:Checking exceptions
2021-04-09 10:32:17,150:INFO:Importing libraries
2021-04-09 10:32:17,150:INFO:Copying training dataset
2021-04-09 10:32:17,150:INFO:Defining folds
2021-04-09 10:32:17,150:INFO:Declaring metric variables
2021-04-09 10:32:17,158:INFO:Importing untrained model
2021-04-09 10:32:17,165:INFO:Bayesian Ridge Imported succesfully
2021-04-09 10:32:17,180:INFO:Starting cross validation
2021-04-09 10:32:17,180:INFO:Cross validating with KFold(n_splits=10, random_state=None, shuffle=False), n_jobs=-1
2021-04-09 10:32:17,272:INFO:Calculating mean and std
2021-04-09 10:32:17,273:INFO:Creating metrics dataframe
2021-04-09 10:32:17,276:INFO:Uploading results into container
2021-04-09 10:32:17,277:INFO:Uploading model into container now
2021-04-09 10:32:17,277:INFO:create_model_container: 8
2021-04-09 10:32:17,277:INFO:master_model_container: 8
2021-04-09 10:32:17,277:INFO:display_container: 2
2021-04-09 10:32:17,277:INFO:BayesianRidge(alpha_1=1e-06, alpha_2=1e-06, alpha_init=None,
              compute_score=False, copy_X=True, fit_intercept=True,
              lambda_1=1e-06, lambda_2=1e-06, lambda_init=None, n_iter=300,
              normalize=False, tol=0.001, verbose=False)
2021-04-09 10:32:17,277:INFO:create_model() succesfully completed......................................
2021-04-09 10:32:17,372:INFO:SubProcess create_model() end ==================================
2021-04-09 10:32:17,372:INFO:Creating metrics dataframe
2021-04-09 10:32:17,403:INFO:Initializing Passive Aggressive Regressor
2021-04-09 10:32:17,403:INFO:Total runtime is 0.144147253036499 minutes
2021-04-09 10:32:17,411:INFO:SubProcess create_model() called ==================================
2021-04-09 10:32:17,411:INFO:Initializing create_model()
2021-04-09 10:32:17,411:INFO:create_model(estimator=par, fold=KFold(n_splits=10, random_state=None, shuffle=False), round=4, cross_validation=True, predict=True, fit_kwargs={}, groups=None, refit=False, verbose=False, system=False, metrics=None, display=<pycaret.internal.Display.Display object at 0x000001AC0672B748>, kwargs={})
2021-04-09 10:32:17,411:INFO:Checking exceptions
2021-04-09 10:32:17,411:INFO:Importing libraries
2021-04-09 10:32:17,411:INFO:Copying training dataset
2021-04-09 10:32:17,412:INFO:Defining folds
2021-04-09 10:32:17,412:INFO:Declaring metric variables
2021-04-09 10:32:17,419:INFO:Importing untrained model
2021-04-09 10:32:17,425:INFO:Passive Aggressive Regressor Imported succesfully
2021-04-09 10:32:17,441:INFO:Starting cross validation
2021-04-09 10:32:17,441:INFO:Cross validating with KFold(n_splits=10, random_state=None, shuffle=False), n_jobs=-1
2021-04-09 10:32:17,517:INFO:Calculating mean and std
2021-04-09 10:32:17,518:INFO:Creating metrics dataframe
2021-04-09 10:32:17,522:INFO:Uploading results into container
2021-04-09 10:32:17,522:INFO:Uploading model into container now
2021-04-09 10:32:17,522:INFO:create_model_container: 9
2021-04-09 10:32:17,522:INFO:master_model_container: 9
2021-04-09 10:32:17,522:INFO:display_container: 2
2021-04-09 10:32:17,522:INFO:PassiveAggressiveRegressor(C=1.0, average=False, early_stopping=False,
                           epsilon=0.1, fit_intercept=True,
                           loss='epsilon_insensitive', max_iter=1000,
                           n_iter_no_change=5, random_state=309, shuffle=True,
                           tol=0.001, validation_fraction=0.1, verbose=0,
                           warm_start=False)
2021-04-09 10:32:17,522:INFO:create_model() succesfully completed......................................
2021-04-09 10:32:17,596:INFO:SubProcess create_model() end ==================================
2021-04-09 10:32:17,596:INFO:Creating metrics dataframe
2021-04-09 10:32:17,627:INFO:Initializing Huber Regressor
2021-04-09 10:32:17,627:INFO:Total runtime is 0.14788301785786945 minutes
2021-04-09 10:32:17,646:INFO:SubProcess create_model() called ==================================
2021-04-09 10:32:17,646:INFO:Initializing create_model()
2021-04-09 10:32:17,646:INFO:create_model(estimator=huber, fold=KFold(n_splits=10, random_state=None, shuffle=False), round=4, cross_validation=True, predict=True, fit_kwargs={}, groups=None, refit=False, verbose=False, system=False, metrics=None, display=<pycaret.internal.Display.Display object at 0x000001AC0672B748>, kwargs={})
2021-04-09 10:32:17,646:INFO:Checking exceptions
2021-04-09 10:32:17,646:INFO:Importing libraries
2021-04-09 10:32:17,646:INFO:Copying training dataset
2021-04-09 10:32:17,647:INFO:Defining folds
2021-04-09 10:32:17,647:INFO:Declaring metric variables
2021-04-09 10:32:17,654:INFO:Importing untrained model
2021-04-09 10:32:17,660:INFO:Huber Regressor Imported succesfully
2021-04-09 10:32:17,676:INFO:Starting cross validation
2021-04-09 10:32:17,676:INFO:Cross validating with KFold(n_splits=10, random_state=None, shuffle=False), n_jobs=-1
2021-04-09 10:32:17,789:INFO:Calculating mean and std
2021-04-09 10:32:17,789:INFO:Creating metrics dataframe
2021-04-09 10:32:17,789:INFO:Uploading results into container
2021-04-09 10:32:17,789:INFO:Uploading model into container now
2021-04-09 10:32:17,789:INFO:create_model_container: 10
2021-04-09 10:32:17,789:INFO:master_model_container: 10
2021-04-09 10:32:17,789:INFO:display_container: 2
2021-04-09 10:32:17,789:INFO:HuberRegressor(alpha=0.0001, epsilon=1.35, fit_intercept=True, max_iter=100,
               tol=1e-05, warm_start=False)
2021-04-09 10:32:17,789:INFO:create_model() succesfully completed......................................
2021-04-09 10:32:17,867:INFO:SubProcess create_model() end ==================================
2021-04-09 10:32:17,867:INFO:Creating metrics dataframe
2021-04-09 10:32:17,898:INFO:Initializing K Neighbors Regressor
2021-04-09 10:32:17,898:INFO:Total runtime is 0.15239643255869545 minutes
2021-04-09 10:32:17,917:INFO:SubProcess create_model() called ==================================
2021-04-09 10:32:17,917:INFO:Initializing create_model()
2021-04-09 10:32:17,918:INFO:create_model(estimator=knn, fold=KFold(n_splits=10, random_state=None, shuffle=False), round=4, cross_validation=True, predict=True, fit_kwargs={}, groups=None, refit=False, verbose=False, system=False, metrics=None, display=<pycaret.internal.Display.Display object at 0x000001AC0672B748>, kwargs={})
2021-04-09 10:32:17,918:INFO:Checking exceptions
2021-04-09 10:32:17,918:INFO:Importing libraries
2021-04-09 10:32:17,918:INFO:Copying training dataset
2021-04-09 10:32:17,918:INFO:Defining folds
2021-04-09 10:32:17,919:INFO:Declaring metric variables
2021-04-09 10:32:17,925:INFO:Importing untrained model
2021-04-09 10:32:17,932:INFO:K Neighbors Regressor Imported succesfully
2021-04-09 10:32:17,946:INFO:Starting cross validation
2021-04-09 10:32:17,946:INFO:Cross validating with KFold(n_splits=10, random_state=None, shuffle=False), n_jobs=-1
2021-04-09 10:32:18,128:INFO:Calculating mean and std
2021-04-09 10:32:18,128:INFO:Creating metrics dataframe
2021-04-09 10:32:18,147:INFO:Uploading results into container
2021-04-09 10:32:18,147:INFO:Uploading model into container now
2021-04-09 10:32:18,147:INFO:create_model_container: 11
2021-04-09 10:32:18,147:INFO:master_model_container: 11
2021-04-09 10:32:18,147:INFO:display_container: 2
2021-04-09 10:32:18,148:INFO:KNeighborsRegressor(algorithm='auto', leaf_size=30, metric='minkowski',
                    metric_params=None, n_jobs=-1, n_neighbors=5, p=2,
                    weights='uniform')
2021-04-09 10:32:18,148:INFO:create_model() succesfully completed......................................
2021-04-09 10:32:18,236:INFO:SubProcess create_model() end ==================================
2021-04-09 10:32:18,236:INFO:Creating metrics dataframe
2021-04-09 10:32:18,260:INFO:Initializing Decision Tree Regressor
2021-04-09 10:32:18,260:INFO:Total runtime is 0.15842912991841632 minutes
2021-04-09 10:32:18,281:INFO:SubProcess create_model() called ==================================
2021-04-09 10:32:18,282:INFO:Initializing create_model()
2021-04-09 10:32:18,282:INFO:create_model(estimator=dt, fold=KFold(n_splits=10, random_state=None, shuffle=False), round=4, cross_validation=True, predict=True, fit_kwargs={}, groups=None, refit=False, verbose=False, system=False, metrics=None, display=<pycaret.internal.Display.Display object at 0x000001AC0672B748>, kwargs={})
2021-04-09 10:32:18,282:INFO:Checking exceptions
2021-04-09 10:32:18,282:INFO:Importing libraries
2021-04-09 10:32:18,282:INFO:Copying training dataset
2021-04-09 10:32:18,283:INFO:Defining folds
2021-04-09 10:32:18,283:INFO:Declaring metric variables
2021-04-09 10:32:18,290:INFO:Importing untrained model
2021-04-09 10:32:18,297:INFO:Decision Tree Regressor Imported succesfully
2021-04-09 10:32:18,311:INFO:Starting cross validation
2021-04-09 10:32:18,311:INFO:Cross validating with KFold(n_splits=10, random_state=None, shuffle=False), n_jobs=-1
2021-04-09 10:32:18,384:INFO:Calculating mean and std
2021-04-09 10:32:18,385:INFO:Creating metrics dataframe
2021-04-09 10:32:18,389:INFO:Uploading results into container
2021-04-09 10:32:18,389:INFO:Uploading model into container now
2021-04-09 10:32:18,389:INFO:create_model_container: 12
2021-04-09 10:32:18,389:INFO:master_model_container: 12
2021-04-09 10:32:18,389:INFO:display_container: 2
2021-04-09 10:32:18,389:INFO:DecisionTreeRegressor(ccp_alpha=0.0, criterion='mse', max_depth=None,
                      max_features=None, max_leaf_nodes=None,
                      min_impurity_decrease=0.0, min_impurity_split=None,
                      min_samples_leaf=1, min_samples_split=2,
                      min_weight_fraction_leaf=0.0, presort='deprecated',
                      random_state=309, splitter='best')
2021-04-09 10:32:18,389:INFO:create_model() succesfully completed......................................
2021-04-09 10:32:18,470:INFO:SubProcess create_model() end ==================================
2021-04-09 10:32:18,470:INFO:Creating metrics dataframe
2021-04-09 10:32:18,516:INFO:Initializing Random Forest Regressor
2021-04-09 10:32:18,516:INFO:Total runtime is 0.1626872698465983 minutes
2021-04-09 10:32:18,523:INFO:SubProcess create_model() called ==================================
2021-04-09 10:32:18,523:INFO:Initializing create_model()
2021-04-09 10:32:18,523:INFO:create_model(estimator=rf, fold=KFold(n_splits=10, random_state=None, shuffle=False), round=4, cross_validation=True, predict=True, fit_kwargs={}, groups=None, refit=False, verbose=False, system=False, metrics=None, display=<pycaret.internal.Display.Display object at 0x000001AC0672B748>, kwargs={})
2021-04-09 10:32:18,523:INFO:Checking exceptions
2021-04-09 10:32:18,523:INFO:Importing libraries
2021-04-09 10:32:18,523:INFO:Copying training dataset
2021-04-09 10:32:18,524:INFO:Defining folds
2021-04-09 10:32:18,524:INFO:Declaring metric variables
2021-04-09 10:32:18,531:INFO:Importing untrained model
2021-04-09 10:32:18,537:INFO:Random Forest Regressor Imported succesfully
2021-04-09 10:32:18,552:INFO:Starting cross validation
2021-04-09 10:32:18,553:INFO:Cross validating with KFold(n_splits=10, random_state=None, shuffle=False), n_jobs=-1
2021-04-09 10:32:19,601:INFO:Calculating mean and std
2021-04-09 10:32:19,601:INFO:Creating metrics dataframe
2021-04-09 10:32:19,601:INFO:Uploading results into container
2021-04-09 10:32:19,601:INFO:Uploading model into container now
2021-04-09 10:32:19,601:INFO:create_model_container: 13
2021-04-09 10:32:19,601:INFO:master_model_container: 13
2021-04-09 10:32:19,601:INFO:display_container: 2
2021-04-09 10:32:19,601:INFO:RandomForestRegressor(bootstrap=True, ccp_alpha=0.0, criterion='mse',
                      max_depth=None, max_features='auto', max_leaf_nodes=None,
                      max_samples=None, min_impurity_decrease=0.0,
                      min_impurity_split=None, min_samples_leaf=1,
                      min_samples_split=2, min_weight_fraction_leaf=0.0,
                      n_estimators=100, n_jobs=-1, oob_score=False,
                      random_state=309, verbose=0, warm_start=False)
2021-04-09 10:32:19,601:INFO:create_model() succesfully completed......................................
2021-04-09 10:32:19,696:INFO:SubProcess create_model() end ==================================
2021-04-09 10:32:19,696:INFO:Creating metrics dataframe
2021-04-09 10:32:19,737:INFO:Initializing Extra Trees Regressor
2021-04-09 10:32:19,737:INFO:Total runtime is 0.18304167985916137 minutes
2021-04-09 10:32:19,744:INFO:SubProcess create_model() called ==================================
2021-04-09 10:32:19,745:INFO:Initializing create_model()
2021-04-09 10:32:19,745:INFO:create_model(estimator=et, fold=KFold(n_splits=10, random_state=None, shuffle=False), round=4, cross_validation=True, predict=True, fit_kwargs={}, groups=None, refit=False, verbose=False, system=False, metrics=None, display=<pycaret.internal.Display.Display object at 0x000001AC0672B748>, kwargs={})
2021-04-09 10:32:19,745:INFO:Checking exceptions
2021-04-09 10:32:19,745:INFO:Importing libraries
2021-04-09 10:32:19,745:INFO:Copying training dataset
2021-04-09 10:32:19,746:INFO:Defining folds
2021-04-09 10:32:19,746:INFO:Declaring metric variables
2021-04-09 10:32:19,752:INFO:Importing untrained model
2021-04-09 10:32:19,758:INFO:Extra Trees Regressor Imported succesfully
2021-04-09 10:32:19,773:INFO:Starting cross validation
2021-04-09 10:32:19,774:INFO:Cross validating with KFold(n_splits=10, random_state=None, shuffle=False), n_jobs=-1
2021-04-09 10:32:20,754:INFO:Calculating mean and std
2021-04-09 10:32:20,756:INFO:Creating metrics dataframe
2021-04-09 10:32:20,765:INFO:Uploading results into container
2021-04-09 10:32:20,766:INFO:Uploading model into container now
2021-04-09 10:32:20,766:INFO:create_model_container: 14
2021-04-09 10:32:20,766:INFO:master_model_container: 14
2021-04-09 10:32:20,766:INFO:display_container: 2
2021-04-09 10:32:20,767:INFO:ExtraTreesRegressor(bootstrap=False, ccp_alpha=0.0, criterion='mse',
                    max_depth=None, max_features='auto', max_leaf_nodes=None,
                    max_samples=None, min_impurity_decrease=0.0,
                    min_impurity_split=None, min_samples_leaf=1,
                    min_samples_split=2, min_weight_fraction_leaf=0.0,
                    n_estimators=100, n_jobs=-1, oob_score=False,
                    random_state=309, verbose=0, warm_start=False)
2021-04-09 10:32:20,767:INFO:create_model() succesfully completed......................................
2021-04-09 10:32:20,857:INFO:SubProcess create_model() end ==================================
2021-04-09 10:32:20,857:INFO:Creating metrics dataframe
2021-04-09 10:32:20,901:INFO:Initializing AdaBoost Regressor
2021-04-09 10:32:20,902:INFO:Total runtime is 0.20246067841847737 minutes
2021-04-09 10:32:20,909:INFO:SubProcess create_model() called ==================================
2021-04-09 10:32:20,909:INFO:Initializing create_model()
2021-04-09 10:32:20,909:INFO:create_model(estimator=ada, fold=KFold(n_splits=10, random_state=None, shuffle=False), round=4, cross_validation=True, predict=True, fit_kwargs={}, groups=None, refit=False, verbose=False, system=False, metrics=None, display=<pycaret.internal.Display.Display object at 0x000001AC0672B748>, kwargs={})
2021-04-09 10:32:20,909:INFO:Checking exceptions
2021-04-09 10:32:20,909:INFO:Importing libraries
2021-04-09 10:32:20,910:INFO:Copying training dataset
2021-04-09 10:32:20,910:INFO:Defining folds
2021-04-09 10:32:20,910:INFO:Declaring metric variables
2021-04-09 10:32:20,921:INFO:Importing untrained model
2021-04-09 10:32:20,929:INFO:AdaBoost Regressor Imported succesfully
2021-04-09 10:32:20,948:INFO:Starting cross validation
2021-04-09 10:32:20,948:INFO:Cross validating with KFold(n_splits=10, random_state=None, shuffle=False), n_jobs=-1
2021-04-09 10:32:21,178:INFO:Calculating mean and std
2021-04-09 10:32:21,179:INFO:Creating metrics dataframe
2021-04-09 10:32:21,182:INFO:Uploading results into container
2021-04-09 10:32:21,183:INFO:Uploading model into container now
2021-04-09 10:32:21,183:INFO:create_model_container: 15
2021-04-09 10:32:21,183:INFO:master_model_container: 15
2021-04-09 10:32:21,183:INFO:display_container: 2
2021-04-09 10:32:21,183:INFO:AdaBoostRegressor(base_estimator=None, learning_rate=1.0, loss='linear',
                  n_estimators=50, random_state=309)
2021-04-09 10:32:21,183:INFO:create_model() succesfully completed......................................
2021-04-09 10:32:21,274:INFO:SubProcess create_model() end ==================================
2021-04-09 10:32:21,274:INFO:Creating metrics dataframe
2021-04-09 10:32:21,316:INFO:Initializing Gradient Boosting Regressor
2021-04-09 10:32:21,316:INFO:Total runtime is 0.2093587795893351 minutes
2021-04-09 10:32:21,324:INFO:SubProcess create_model() called ==================================
2021-04-09 10:32:21,324:INFO:Initializing create_model()
2021-04-09 10:32:21,324:INFO:create_model(estimator=gbr, fold=KFold(n_splits=10, random_state=None, shuffle=False), round=4, cross_validation=True, predict=True, fit_kwargs={}, groups=None, refit=False, verbose=False, system=False, metrics=None, display=<pycaret.internal.Display.Display object at 0x000001AC0672B748>, kwargs={})
2021-04-09 10:32:21,324:INFO:Checking exceptions
2021-04-09 10:32:21,324:INFO:Importing libraries
2021-04-09 10:32:21,324:INFO:Copying training dataset
2021-04-09 10:32:21,325:INFO:Defining folds
2021-04-09 10:32:21,325:INFO:Declaring metric variables
2021-04-09 10:32:21,332:INFO:Importing untrained model
2021-04-09 10:32:21,340:INFO:Gradient Boosting Regressor Imported succesfully
2021-04-09 10:32:21,356:INFO:Starting cross validation
2021-04-09 10:32:21,357:INFO:Cross validating with KFold(n_splits=10, random_state=None, shuffle=False), n_jobs=-1
2021-04-09 10:32:21,525:INFO:Calculating mean and std
2021-04-09 10:32:21,526:INFO:Creating metrics dataframe
2021-04-09 10:32:21,530:INFO:Uploading results into container
2021-04-09 10:32:21,530:INFO:Uploading model into container now
2021-04-09 10:32:21,530:INFO:create_model_container: 16
2021-04-09 10:32:21,530:INFO:master_model_container: 16
2021-04-09 10:32:21,530:INFO:display_container: 2
2021-04-09 10:32:21,530:INFO:GradientBoostingRegressor(alpha=0.9, ccp_alpha=0.0, criterion='friedman_mse',
                          init=None, learning_rate=0.1, loss='ls', max_depth=3,
                          max_features=None, max_leaf_nodes=None,
                          min_impurity_decrease=0.0, min_impurity_split=None,
                          min_samples_leaf=1, min_samples_split=2,
                          min_weight_fraction_leaf=0.0, n_estimators=100,
                          n_iter_no_change=None, presort='deprecated',
                          random_state=309, subsample=1.0, tol=0.0001,
                          validation_fraction=0.1, verbose=0, warm_start=False)
2021-04-09 10:32:21,530:INFO:create_model() succesfully completed......................................
2021-04-09 10:32:21,615:INFO:SubProcess create_model() end ==================================
2021-04-09 10:32:21,616:INFO:Creating metrics dataframe
2021-04-09 10:32:21,664:INFO:Initializing Extreme Gradient Boosting
2021-04-09 10:32:21,664:INFO:Total runtime is 0.21516262690226234 minutes
2021-04-09 10:32:21,672:INFO:SubProcess create_model() called ==================================
2021-04-09 10:32:21,672:INFO:Initializing create_model()
2021-04-09 10:32:21,672:INFO:create_model(estimator=xgboost, fold=KFold(n_splits=10, random_state=None, shuffle=False), round=4, cross_validation=True, predict=True, fit_kwargs={}, groups=None, refit=False, verbose=False, system=False, metrics=None, display=<pycaret.internal.Display.Display object at 0x000001AC0672B748>, kwargs={})
2021-04-09 10:32:21,673:INFO:Checking exceptions
2021-04-09 10:32:21,673:INFO:Importing libraries
2021-04-09 10:32:21,673:INFO:Copying training dataset
2021-04-09 10:32:21,673:INFO:Defining folds
2021-04-09 10:32:21,673:INFO:Declaring metric variables
2021-04-09 10:32:21,680:INFO:Importing untrained model
2021-04-09 10:32:21,688:INFO:Extreme Gradient Boosting Imported succesfully
2021-04-09 10:32:21,703:INFO:Starting cross validation
2021-04-09 10:32:21,703:WARNING:create_model() for xgboost raised an exception or returned all 0.0, trying without fit_kwargs:
2021-04-09 10:32:21,704:WARNING:Traceback (most recent call last):
  File "C:\Users\hnour\Anaconda3\lib\site-packages\pycaret\internal\pipeline.py", line 223, in add_estimator_to_pipeline
    assert hasattr(pipeline._final_estimator, "predict")
AssertionError

During handling of the above exception, another exception occurred:

Traceback (most recent call last):
  File "C:\Users\hnour\Anaconda3\lib\site-packages\pycaret\internal\tabular.py", line 2173, in compare_models
    refit=False,
  File "C:\Users\hnour\Anaconda3\lib\site-packages\pycaret\internal\tabular.py", line 3107, in create_model_supervised
    with estimator_pipeline(_internal_pipeline, model) as pipeline_with_model:
  File "C:\Users\hnour\Anaconda3\lib\site-packages\pycaret\internal\pipeline.py", line 205, in __enter__
    add_estimator_to_pipeline(self.pipeline, self.estimator)
  File "C:\Users\hnour\Anaconda3\lib\site-packages\pycaret\internal\pipeline.py", line 228, in add_estimator_to_pipeline
    pipeline._carry_over_final_estimator_fit_vars()
  File "C:\Users\hnour\Anaconda3\lib\site-packages\pycaret\internal\pipeline.py", line 58, in _carry_over_final_estimator_fit_vars
    self._final_estimator
  File "C:\Users\hnour\Anaconda3\lib\site-packages\pycaret\internal\utils.py", line 573, in get_all_object_vars_and_properties
    for k in object.__dir__()
  File "C:\Users\hnour\Anaconda3\lib\site-packages\pycaret\internal\utils.py", line 574, in <dictcomp>
    if k[:2] != "__" and type(getattr(object, k, "")).__name__ != "method"
  File "C:\Users\hnour\AppData\Roaming\Python\Python37\site-packages\xgboost\sklearn.py", line 687, in feature_importances_
    b = self.get_booster()
  File "C:\Users\hnour\AppData\Roaming\Python\Python37\site-packages\xgboost\sklearn.py", line 261, in get_booster
    raise XGBoostError('need to call fit or load_model beforehand')
xgboost.core.XGBoostError: need to call fit or load_model beforehand

2021-04-09 10:32:21,704:INFO:Initializing create_model()
2021-04-09 10:32:21,704:INFO:create_model(estimator=xgboost, fold=KFold(n_splits=10, random_state=None, shuffle=False), round=4, cross_validation=True, predict=True, fit_kwargs=None, groups=None, refit=False, verbose=False, system=False, metrics=None, display=<pycaret.internal.Display.Display object at 0x000001AC0672B748>, kwargs={})
2021-04-09 10:32:21,704:INFO:Checking exceptions
2021-04-09 10:32:21,704:INFO:Importing libraries
2021-04-09 10:32:21,704:INFO:Copying training dataset
2021-04-09 10:32:21,705:INFO:Defining folds
2021-04-09 10:32:21,705:INFO:Declaring metric variables
2021-04-09 10:32:21,712:INFO:Importing untrained model
2021-04-09 10:32:21,721:INFO:Extreme Gradient Boosting Imported succesfully
2021-04-09 10:32:21,736:INFO:Starting cross validation
2021-04-09 10:32:21,737:ERROR:create_model() for xgboost raised an exception:
2021-04-09 10:32:21,738:ERROR:Traceback (most recent call last):
  File "C:\Users\hnour\Anaconda3\lib\site-packages\pycaret\internal\pipeline.py", line 223, in add_estimator_to_pipeline
    assert hasattr(pipeline._final_estimator, "predict")
AssertionError

During handling of the above exception, another exception occurred:

Traceback (most recent call last):
  File "C:\Users\hnour\Anaconda3\lib\site-packages\pycaret\internal\tabular.py", line 2173, in compare_models
    refit=False,
  File "C:\Users\hnour\Anaconda3\lib\site-packages\pycaret\internal\tabular.py", line 3107, in create_model_supervised
    with estimator_pipeline(_internal_pipeline, model) as pipeline_with_model:
  File "C:\Users\hnour\Anaconda3\lib\site-packages\pycaret\internal\pipeline.py", line 205, in __enter__
    add_estimator_to_pipeline(self.pipeline, self.estimator)
  File "C:\Users\hnour\Anaconda3\lib\site-packages\pycaret\internal\pipeline.py", line 228, in add_estimator_to_pipeline
    pipeline._carry_over_final_estimator_fit_vars()
  File "C:\Users\hnour\Anaconda3\lib\site-packages\pycaret\internal\pipeline.py", line 58, in _carry_over_final_estimator_fit_vars
    self._final_estimator
  File "C:\Users\hnour\Anaconda3\lib\site-packages\pycaret\internal\utils.py", line 573, in get_all_object_vars_and_properties
    for k in object.__dir__()
  File "C:\Users\hnour\Anaconda3\lib\site-packages\pycaret\internal\utils.py", line 574, in <dictcomp>
    if k[:2] != "__" and type(getattr(object, k, "")).__name__ != "method"
  File "C:\Users\hnour\AppData\Roaming\Python\Python37\site-packages\xgboost\sklearn.py", line 687, in feature_importances_
    b = self.get_booster()
  File "C:\Users\hnour\AppData\Roaming\Python\Python37\site-packages\xgboost\sklearn.py", line 261, in get_booster
    raise XGBoostError('need to call fit or load_model beforehand')
xgboost.core.XGBoostError: need to call fit or load_model beforehand

During handling of the above exception, another exception occurred:

Traceback (most recent call last):
  File "C:\Users\hnour\Anaconda3\lib\site-packages\pycaret\internal\pipeline.py", line 223, in add_estimator_to_pipeline
    assert hasattr(pipeline._final_estimator, "predict")
AssertionError

During handling of the above exception, another exception occurred:

Traceback (most recent call last):
  File "C:\Users\hnour\Anaconda3\lib\site-packages\pycaret\internal\tabular.py", line 2192, in compare_models
    refit=False,
  File "C:\Users\hnour\Anaconda3\lib\site-packages\pycaret\internal\tabular.py", line 3107, in create_model_supervised
    with estimator_pipeline(_internal_pipeline, model) as pipeline_with_model:
  File "C:\Users\hnour\Anaconda3\lib\site-packages\pycaret\internal\pipeline.py", line 205, in __enter__
    add_estimator_to_pipeline(self.pipeline, self.estimator)
  File "C:\Users\hnour\Anaconda3\lib\site-packages\pycaret\internal\pipeline.py", line 228, in add_estimator_to_pipeline
    pipeline._carry_over_final_estimator_fit_vars()
  File "C:\Users\hnour\Anaconda3\lib\site-packages\pycaret\internal\pipeline.py", line 58, in _carry_over_final_estimator_fit_vars
    self._final_estimator
  File "C:\Users\hnour\Anaconda3\lib\site-packages\pycaret\internal\utils.py", line 573, in get_all_object_vars_and_properties
    for k in object.__dir__()
  File "C:\Users\hnour\Anaconda3\lib\site-packages\pycaret\internal\utils.py", line 574, in <dictcomp>
    if k[:2] != "__" and type(getattr(object, k, "")).__name__ != "method"
  File "C:\Users\hnour\AppData\Roaming\Python\Python37\site-packages\xgboost\sklearn.py", line 687, in feature_importances_
    b = self.get_booster()
  File "C:\Users\hnour\AppData\Roaming\Python\Python37\site-packages\xgboost\sklearn.py", line 261, in get_booster
    raise XGBoostError('need to call fit or load_model beforehand')
xgboost.core.XGBoostError: need to call fit or load_model beforehand

2021-04-09 10:32:21,738:INFO:Initializing Light Gradient Boosting Machine
2021-04-09 10:32:21,738:INFO:Total runtime is 0.2163921475410461 minutes
2021-04-09 10:32:21,747:INFO:SubProcess create_model() called ==================================
2021-04-09 10:32:21,747:INFO:Initializing create_model()
2021-04-09 10:32:21,748:INFO:create_model(estimator=lightgbm, fold=KFold(n_splits=10, random_state=None, shuffle=False), round=4, cross_validation=True, predict=True, fit_kwargs={}, groups=None, refit=False, verbose=False, system=False, metrics=None, display=<pycaret.internal.Display.Display object at 0x000001AC0672B748>, kwargs={})
2021-04-09 10:32:21,748:INFO:Checking exceptions
2021-04-09 10:32:21,748:INFO:Importing libraries
2021-04-09 10:32:21,748:INFO:Copying training dataset
2021-04-09 10:32:21,749:INFO:Defining folds
2021-04-09 10:32:21,749:INFO:Declaring metric variables
2021-04-09 10:32:21,756:INFO:Importing untrained model
2021-04-09 10:32:21,765:INFO:Light Gradient Boosting Machine Imported succesfully
2021-04-09 10:32:21,781:INFO:Starting cross validation
2021-04-09 10:32:21,781:INFO:Cross validating with KFold(n_splits=10, random_state=None, shuffle=False), n_jobs=-1
2021-04-09 10:32:21,946:INFO:Calculating mean and std
2021-04-09 10:32:21,947:INFO:Creating metrics dataframe
2021-04-09 10:32:21,952:INFO:Uploading results into container
2021-04-09 10:32:21,952:INFO:Uploading model into container now
2021-04-09 10:32:21,952:INFO:create_model_container: 17
2021-04-09 10:32:21,952:INFO:master_model_container: 17
2021-04-09 10:32:21,953:INFO:display_container: 2
2021-04-09 10:32:21,954:INFO:LGBMRegressor(boosting_type='gbdt', class_weight=None, colsample_bytree=1.0,
              importance_type='split', learning_rate=0.1, max_depth=-1,
              min_child_samples=20, min_child_weight=0.001, min_split_gain=0.0,
              n_estimators=100, n_jobs=-1, num_leaves=31, objective=None,
              random_state=309, reg_alpha=0.0, reg_lambda=0.0, silent=True,
              subsample=1.0, subsample_for_bin=200000, subsample_freq=0)
2021-04-09 10:32:21,954:INFO:create_model() succesfully completed......................................
2021-04-09 10:32:22,053:INFO:SubProcess create_model() end ==================================
2021-04-09 10:32:22,053:INFO:Creating metrics dataframe
2021-04-09 10:32:22,106:INFO:Initializing CatBoost Regressor
2021-04-09 10:32:22,106:INFO:Total runtime is 0.2225260814030965 minutes
2021-04-09 10:32:22,116:INFO:SubProcess create_model() called ==================================
2021-04-09 10:32:22,117:INFO:Initializing create_model()
2021-04-09 10:32:22,117:INFO:create_model(estimator=catboost, fold=KFold(n_splits=10, random_state=None, shuffle=False), round=4, cross_validation=True, predict=True, fit_kwargs={}, groups=None, refit=False, verbose=False, system=False, metrics=None, display=<pycaret.internal.Display.Display object at 0x000001AC0672B748>, kwargs={})
2021-04-09 10:32:22,118:INFO:Checking exceptions
2021-04-09 10:32:22,118:INFO:Importing libraries
2021-04-09 10:32:22,118:INFO:Copying training dataset
2021-04-09 10:32:22,119:INFO:Defining folds
2021-04-09 10:32:22,120:INFO:Declaring metric variables
2021-04-09 10:32:22,135:INFO:Importing untrained model
2021-04-09 10:32:22,151:INFO:CatBoost Regressor Imported succesfully
2021-04-09 10:32:22,173:INFO:Starting cross validation
2021-04-09 10:32:22,175:INFO:Cross validating with KFold(n_splits=10, random_state=None, shuffle=False), n_jobs=-1
2021-04-09 10:32:27,129:INFO:Calculating mean and std
2021-04-09 10:32:27,130:INFO:Creating metrics dataframe
2021-04-09 10:32:27,134:INFO:Uploading results into container
2021-04-09 10:32:27,134:INFO:Uploading model into container now
2021-04-09 10:32:27,134:INFO:create_model_container: 18
2021-04-09 10:32:27,135:INFO:master_model_container: 18
2021-04-09 10:32:27,135:INFO:display_container: 2
2021-04-09 10:32:27,135:INFO:<catboost.core.CatBoostRegressor object at 0x000001AC05D0F088>
2021-04-09 10:32:27,135:INFO:create_model() succesfully completed......................................
2021-04-09 10:32:27,220:INFO:SubProcess create_model() end ==================================
2021-04-09 10:32:27,220:INFO:Creating metrics dataframe
2021-04-09 10:32:27,293:INFO:Initializing create_model()
2021-04-09 10:32:27,293:INFO:create_model(estimator=RandomForestRegressor(bootstrap=True, ccp_alpha=0.0, criterion='mse',
                      max_depth=None, max_features='auto', max_leaf_nodes=None,
                      max_samples=None, min_impurity_decrease=0.0,
                      min_impurity_split=None, min_samples_leaf=1,
                      min_samples_split=2, min_weight_fraction_leaf=0.0,
                      n_estimators=100, n_jobs=-1, oob_score=False,
                      random_state=309, verbose=0, warm_start=False), fold=KFold(n_splits=10, random_state=None, shuffle=False), round=4, cross_validation=False, predict=False, fit_kwargs={}, groups=None, refit=True, verbose=False, system=False, metrics=None, display=None, kwargs={})
2021-04-09 10:32:27,293:INFO:Checking exceptions
2021-04-09 10:32:27,294:INFO:Importing libraries
2021-04-09 10:32:27,294:INFO:Copying training dataset
2021-04-09 10:32:27,294:INFO:Defining folds
2021-04-09 10:32:27,294:INFO:Declaring metric variables
2021-04-09 10:32:27,294:INFO:Importing untrained model
2021-04-09 10:32:27,294:INFO:Declaring custom model
2021-04-09 10:32:27,295:INFO:Random Forest Regressor Imported succesfully
2021-04-09 10:32:27,295:INFO:Cross validation set to False
2021-04-09 10:32:27,295:INFO:Fitting Model
2021-04-09 10:32:27,917:INFO:RandomForestRegressor(bootstrap=True, ccp_alpha=0.0, criterion='mse',
                      max_depth=None, max_features='auto', max_leaf_nodes=None,
                      max_samples=None, min_impurity_decrease=0.0,
                      min_impurity_split=None, min_samples_leaf=1,
                      min_samples_split=2, min_weight_fraction_leaf=0.0,
                      n_estimators=100, n_jobs=-1, oob_score=False,
                      random_state=309, verbose=0, warm_start=False)
2021-04-09 10:32:27,917:INFO:create_models() succesfully completed......................................
2021-04-09 10:32:28,124:INFO:create_model_container: 18
2021-04-09 10:32:28,124:INFO:master_model_container: 18
2021-04-09 10:32:28,124:INFO:display_container: 2
2021-04-09 10:32:28,125:INFO:RandomForestRegressor(bootstrap=True, ccp_alpha=0.0, criterion='mse',
                      max_depth=None, max_features='auto', max_leaf_nodes=None,
                      max_samples=None, min_impurity_decrease=0.0,
                      min_impurity_split=None, min_samples_leaf=1,
                      min_samples_split=2, min_weight_fraction_leaf=0.0,
                      n_estimators=100, n_jobs=-1, oob_score=False,
                      random_state=309, verbose=0, warm_start=False)
2021-04-09 10:32:28,125:INFO:compare_models() succesfully completed......................................
2021-04-09 10:34:53,518:INFO:Initializing create_model()
2021-04-09 10:34:53,518:INFO:create_model(estimator=rf, fold=None, round=4, cross_validation=True, predict=True, fit_kwargs=None, groups=None, refit=True, verbose=True, system=True, metrics=None, display=None, kwargs={})
2021-04-09 10:34:53,518:INFO:Checking exceptions
2021-04-09 10:34:53,518:INFO:Preparing display monitor
2021-04-09 10:34:53,539:INFO:Importing libraries
2021-04-09 10:34:53,539:INFO:Copying training dataset
2021-04-09 10:34:53,540:INFO:Defining folds
2021-04-09 10:34:53,541:INFO:Declaring metric variables
2021-04-09 10:34:53,554:INFO:Importing untrained model
2021-04-09 10:34:53,569:INFO:Random Forest Regressor Imported succesfully
2021-04-09 10:34:53,594:INFO:Starting cross validation
2021-04-09 10:34:53,594:INFO:Cross validating with KFold(n_splits=10, random_state=None, shuffle=False), n_jobs=-1
2021-04-09 10:34:54,661:INFO:Calculating mean and std
2021-04-09 10:34:54,661:INFO:Creating metrics dataframe
2021-04-09 10:34:54,678:INFO:Finalizing model
2021-04-09 10:34:55,332:INFO:Uploading results into container
2021-04-09 10:34:55,332:INFO:Uploading model into container now
2021-04-09 10:34:55,358:INFO:create_model_container: 19
2021-04-09 10:34:55,358:INFO:master_model_container: 19
2021-04-09 10:34:55,358:INFO:display_container: 3
2021-04-09 10:34:55,358:INFO:RandomForestRegressor(bootstrap=True, ccp_alpha=0.0, criterion='mse',
                      max_depth=None, max_features='auto', max_leaf_nodes=None,
                      max_samples=None, min_impurity_decrease=0.0,
                      min_impurity_split=None, min_samples_leaf=1,
                      min_samples_split=2, min_weight_fraction_leaf=0.0,
                      n_estimators=100, n_jobs=-1, oob_score=False,
                      random_state=309, verbose=0, warm_start=False)
2021-04-09 10:34:55,358:INFO:create_model() succesfully completed......................................
2021-04-09 10:35:47,745:INFO:Initializing tune_model()
2021-04-09 10:35:47,745:INFO:tune_model(estimator=rf, fold=None, round=4, n_iter=10, custom_grid=None, optimize=R2, custom_scorer=None, search_library=scikit-learn, search_algorithm=None, early_stopping=False, early_stopping_max_iters=10, choose_better=False, fit_kwargs=None, groups=None, return_tuner=False, verbose=True, tuner_verbose=True, display=None, kwargs={})
2021-04-09 10:35:47,745:INFO:Checking exceptions
2021-04-09 10:36:57,059:INFO:Initializing create_model()
2021-04-09 10:36:57,059:INFO:create_model(estimator=rf, fold=None, round=4, cross_validation=True, predict=True, fit_kwargs=None, groups=None, refit=True, verbose=True, system=True, metrics=None, display=None, kwargs={})
2021-04-09 10:36:57,059:INFO:Checking exceptions
2021-04-09 10:36:57,059:INFO:Preparing display monitor
2021-04-09 10:36:57,080:INFO:Importing libraries
2021-04-09 10:36:57,080:INFO:Copying training dataset
2021-04-09 10:36:57,081:INFO:Defining folds
2021-04-09 10:36:57,081:INFO:Declaring metric variables
2021-04-09 10:36:57,094:INFO:Importing untrained model
2021-04-09 10:36:57,108:INFO:Random Forest Regressor Imported succesfully
2021-04-09 10:36:57,134:INFO:Starting cross validation
2021-04-09 10:36:57,134:INFO:Cross validating with KFold(n_splits=10, random_state=None, shuffle=False), n_jobs=-1
2021-04-09 10:36:58,247:INFO:Calculating mean and std
2021-04-09 10:36:58,250:INFO:Creating metrics dataframe
2021-04-09 10:36:58,285:INFO:Finalizing model
2021-04-09 10:36:58,947:INFO:Uploading results into container
2021-04-09 10:36:58,947:INFO:Uploading model into container now
2021-04-09 10:36:58,981:INFO:create_model_container: 20
2021-04-09 10:36:58,981:INFO:master_model_container: 20
2021-04-09 10:36:58,981:INFO:display_container: 4
2021-04-09 10:36:58,981:INFO:RandomForestRegressor(bootstrap=True, ccp_alpha=0.0, criterion='mse',
                      max_depth=None, max_features='auto', max_leaf_nodes=None,
                      max_samples=None, min_impurity_decrease=0.0,
                      min_impurity_split=None, min_samples_leaf=1,
                      min_samples_split=2, min_weight_fraction_leaf=0.0,
                      n_estimators=100, n_jobs=-1, oob_score=False,
                      random_state=309, verbose=0, warm_start=False)
2021-04-09 10:36:58,981:INFO:create_model() succesfully completed......................................
2021-04-09 10:37:04,383:INFO:Initializing tune_model()
2021-04-09 10:37:04,383:INFO:tune_model(estimator=RandomForestRegressor(bootstrap=True, ccp_alpha=0.0, criterion='mse',
                      max_depth=None, max_features='auto', max_leaf_nodes=None,
                      max_samples=None, min_impurity_decrease=0.0,
                      min_impurity_split=None, min_samples_leaf=1,
                      min_samples_split=2, min_weight_fraction_leaf=0.0,
                      n_estimators=100, n_jobs=-1, oob_score=False,
                      random_state=309, verbose=0, warm_start=False), fold=None, round=4, n_iter=10, custom_grid=None, optimize=R2, custom_scorer=None, search_library=scikit-learn, search_algorithm=None, early_stopping=False, early_stopping_max_iters=10, choose_better=False, fit_kwargs=None, groups=None, return_tuner=False, verbose=True, tuner_verbose=True, display=None, kwargs={})
2021-04-09 10:37:04,383:INFO:Checking exceptions
2021-04-09 10:37:04,383:INFO:Preparing display monitor
2021-04-09 10:37:04,403:INFO:Copying training dataset
2021-04-09 10:37:04,404:INFO:Checking base model
2021-04-09 10:37:04,404:INFO:Base model : Random Forest Regressor
2021-04-09 10:37:04,417:INFO:Declaring metric variables
2021-04-09 10:37:04,431:INFO:Defining Hyperparameters
2021-04-09 10:37:04,519:INFO:Tuning with n_jobs=-1
2021-04-09 10:37:04,519:INFO:Initializing RandomizedSearchCV
2021-04-09 10:37:13,331:INFO:best_params: {'actual_estimator__n_estimators': 180, 'actual_estimator__min_samples_split': 9, 'actual_estimator__min_samples_leaf': 4, 'actual_estimator__min_impurity_decrease': 0.01, 'actual_estimator__max_features': 'sqrt', 'actual_estimator__max_depth': 8, 'actual_estimator__criterion': 'mse', 'actual_estimator__bootstrap': False}
2021-04-09 10:37:13,333:INFO:Hyperparameter search completed
2021-04-09 10:37:13,334:INFO:SubProcess create_model() called ==================================
2021-04-09 10:37:13,336:INFO:Initializing create_model()
2021-04-09 10:37:13,336:INFO:create_model(estimator=RandomForestRegressor(bootstrap=True, ccp_alpha=0.0, criterion='mse',
                      max_depth=None, max_features='auto', max_leaf_nodes=None,
                      max_samples=None, min_impurity_decrease=0.0,
                      min_impurity_split=None, min_samples_leaf=1,
                      min_samples_split=2, min_weight_fraction_leaf=0.0,
                      n_estimators=100, n_jobs=-1, oob_score=False,
                      random_state=309, verbose=0, warm_start=False), fold=KFold(n_splits=10, random_state=None, shuffle=False), round=4, cross_validation=True, predict=True, fit_kwargs={}, groups=None, refit=True, verbose=True, system=False, metrics=None, display=<pycaret.internal.Display.Display object at 0x000001AC0688B248>, kwargs={'n_estimators': 180, 'min_samples_split': 9, 'min_samples_leaf': 4, 'min_impurity_decrease': 0.01, 'max_features': 'sqrt', 'max_depth': 8, 'criterion': 'mse', 'bootstrap': False})
2021-04-09 10:37:13,336:INFO:Checking exceptions
2021-04-09 10:37:13,336:INFO:Importing libraries
2021-04-09 10:37:13,337:INFO:Copying training dataset
2021-04-09 10:37:13,338:INFO:Defining folds
2021-04-09 10:37:13,339:INFO:Declaring metric variables
2021-04-09 10:37:13,360:INFO:Importing untrained model
2021-04-09 10:37:13,360:INFO:Declaring custom model
2021-04-09 10:37:13,375:INFO:Random Forest Regressor Imported succesfully
2021-04-09 10:37:13,416:INFO:Starting cross validation
2021-04-09 10:37:13,416:INFO:Cross validating with KFold(n_splits=10, random_state=None, shuffle=False), n_jobs=-1
2021-04-09 10:37:14,567:INFO:Calculating mean and std
2021-04-09 10:37:14,570:INFO:Creating metrics dataframe
2021-04-09 10:37:14,630:INFO:Finalizing model
2021-04-09 10:37:15,264:INFO:Uploading results into container
2021-04-09 10:37:15,264:INFO:Uploading model into container now
2021-04-09 10:37:15,265:INFO:create_model_container: 21
2021-04-09 10:37:15,265:INFO:master_model_container: 21
2021-04-09 10:37:15,265:INFO:display_container: 5
2021-04-09 10:37:15,265:INFO:RandomForestRegressor(bootstrap=False, ccp_alpha=0.0, criterion='mse',
                      max_depth=8, max_features='sqrt', max_leaf_nodes=None,
                      max_samples=None, min_impurity_decrease=0.01,
                      min_impurity_split=None, min_samples_leaf=4,
                      min_samples_split=9, min_weight_fraction_leaf=0.0,
                      n_estimators=180, n_jobs=-1, oob_score=False,
                      random_state=309, verbose=0, warm_start=False)
2021-04-09 10:37:15,265:INFO:create_model() succesfully completed......................................
2021-04-09 10:37:15,357:INFO:SubProcess create_model() end ==================================
2021-04-09 10:37:15,392:INFO:create_model_container: 21
2021-04-09 10:37:15,392:INFO:master_model_container: 21
2021-04-09 10:37:15,392:INFO:display_container: 5
2021-04-09 10:37:15,393:INFO:RandomForestRegressor(bootstrap=False, ccp_alpha=0.0, criterion='mse',
                      max_depth=8, max_features='sqrt', max_leaf_nodes=None,
                      max_samples=None, min_impurity_decrease=0.01,
                      min_impurity_split=None, min_samples_leaf=4,
                      min_samples_split=9, min_weight_fraction_leaf=0.0,
                      n_estimators=180, n_jobs=-1, oob_score=False,
                      random_state=309, verbose=0, warm_start=False)
2021-04-09 10:37:15,393:INFO:tune_model() succesfully completed......................................
2021-04-09 10:37:55,965:INFO:Initializing plot_model()
2021-04-09 10:37:55,965:INFO:plot_model(plot=residuals, fold=None, use_train_data=False, verbose=True, is_in_evaluate=False, display=None, display_format=None, estimator=RandomForestRegressor(bootstrap=False, ccp_alpha=0.0, criterion='mse',
                      max_depth=8, max_features='sqrt', max_leaf_nodes=None,
                      max_samples=None, min_impurity_decrease=0.01,
                      min_impurity_split=None, min_samples_leaf=4,
                      min_samples_split=9, min_weight_fraction_leaf=0.0,
                      n_estimators=180, n_jobs=-1, oob_score=False,
                      random_state=309, verbose=0, warm_start=False), feature_name=None, fit_kwargs=None, groups=None, label=False, save=False, scale=1, system=True)
2021-04-09 10:37:55,965:INFO:Checking exceptions
2021-04-09 10:37:56,086:INFO:Preparing display monitor
2021-04-09 10:37:56,094:INFO:Preloading libraries
2021-04-09 10:37:56,108:INFO:Copying training dataset
2021-04-09 10:37:56,108:INFO:Copying test dataset
2021-04-09 10:37:56,109:INFO:Plot type: residuals
2021-04-09 10:37:56,427:INFO:Fitting Model
2021-04-09 10:37:56,711:INFO:Scoring test/hold-out set
2021-04-09 10:37:57,528:INFO:Visual Rendered Successfully
2021-04-09 10:37:57,626:INFO:plot_model() succesfully completed......................................
2021-04-09 10:38:09,305:INFO:Initializing evaluate_model()
2021-04-09 10:38:09,305:INFO:evaluate_model(estimator=RandomForestRegressor(bootstrap=False, ccp_alpha=0.0, criterion='mse',
                      max_depth=8, max_features='sqrt', max_leaf_nodes=None,
                      max_samples=None, min_impurity_decrease=0.01,
                      min_impurity_split=None, min_samples_leaf=4,
                      min_samples_split=9, min_weight_fraction_leaf=0.0,
                      n_estimators=180, n_jobs=-1, oob_score=False,
                      random_state=309, verbose=0, warm_start=False), fold=None, fit_kwargs=None, feature_name=None, groups=None, use_train_data=False)
2021-04-09 10:38:09,323:INFO:Initializing plot_model()
2021-04-09 10:38:09,324:INFO:plot_model(plot=parameter, fold=KFold(n_splits=10, random_state=None, shuffle=False), use_train_data=False, verbose=True, is_in_evaluate=True, display=None, display_format=None, estimator=RandomForestRegressor(bootstrap=False, ccp_alpha=0.0, criterion='mse',
                      max_depth=8, max_features='sqrt', max_leaf_nodes=None,
                      max_samples=None, min_impurity_decrease=0.01,
                      min_impurity_split=None, min_samples_leaf=4,
                      min_samples_split=9, min_weight_fraction_leaf=0.0,
                      n_estimators=180, n_jobs=-1, oob_score=False,
                      random_state=309, verbose=0, warm_start=False), feature_name=None, fit_kwargs={}, groups=None, label=False, save=False, scale=1, system=True)
2021-04-09 10:38:09,324:INFO:Checking exceptions
2021-04-09 10:38:09,432:INFO:Preparing display monitor
2021-04-09 10:38:09,440:INFO:Preloading libraries
2021-04-09 10:38:09,455:INFO:Copying training dataset
2021-04-09 10:38:09,455:INFO:Copying test dataset
2021-04-09 10:38:09,456:INFO:Plot type: parameter
2021-04-09 10:38:09,689:INFO:Visual Rendered Successfully
2021-04-09 10:38:09,775:INFO:plot_model() succesfully completed......................................
2021-04-09 10:38:33,059:INFO:Initializing interpret_model()
2021-04-09 10:38:33,059:INFO:interpret_model(estimator=RandomForestRegressor(bootstrap=False, ccp_alpha=0.0, criterion='mse',
                      max_depth=8, max_features='sqrt', max_leaf_nodes=None,
                      max_samples=None, min_impurity_decrease=0.01,
                      min_impurity_split=None, min_samples_leaf=4,
                      min_samples_split=9, min_weight_fraction_leaf=0.0,
                      n_estimators=180, n_jobs=-1, oob_score=False,
                      random_state=309, verbose=0, warm_start=False), use_train_data=False, feature=None, kwargs={}, observation=None, plot=summary, save=False)
2021-04-09 10:38:33,059:INFO:Checking exceptions
2021-04-09 10:38:33,059:INFO:plot type: summary
2021-04-09 10:38:33,059:INFO:Creating TreeExplainer
2021-04-09 10:38:33,070:INFO:Compiling shap values
2021-04-09 10:38:33,508:INFO:Visual Rendered Successfully
2021-04-09 10:38:33,508:INFO:interpret_model() succesfully completed......................................
2021-04-09 10:38:54,863:INFO:Initializing predict_model()
2021-04-09 10:38:54,863:INFO:predict_model(estimator=RandomForestRegressor(bootstrap=False, ccp_alpha=0.0, criterion='mse',
                      max_depth=8, max_features='sqrt', max_leaf_nodes=None,
                      max_samples=None, min_impurity_decrease=0.01,
                      min_impurity_split=None, min_samples_leaf=4,
                      min_samples_split=9, min_weight_fraction_leaf=0.0,
                      n_estimators=180, n_jobs=-1, oob_score=False,
                      random_state=309, verbose=0, warm_start=False), probability_threshold=None, encoded_labels=True, raw_score=False, round=4, verbose=True, ml_usecase=MLUsecase.REGRESSION, display=None)
2021-04-09 10:38:54,863:INFO:Checking exceptions
2021-04-09 10:38:54,863:INFO:Preloading libraries
2021-04-09 10:38:54,863:INFO:Preparing display monitor
2021-04-09 10:39:07,954:INFO:Initializing finalize_model()
2021-04-09 10:39:07,955:INFO:finalize_model(estimator=RandomForestRegressor(bootstrap=False, ccp_alpha=0.0, criterion='mse',
                      max_depth=8, max_features='sqrt', max_leaf_nodes=None,
                      max_samples=None, min_impurity_decrease=0.01,
                      min_impurity_split=None, min_samples_leaf=4,
                      min_samples_split=9, min_weight_fraction_leaf=0.0,
                      n_estimators=180, n_jobs=-1, oob_score=False,
                      random_state=309, verbose=0, warm_start=False), fit_kwargs=None, groups=None, model_only=True, display=None)
2021-04-09 10:39:07,955:INFO:Finalizing RandomForestRegressor(bootstrap=False, ccp_alpha=0.0, criterion='mse',
                      max_depth=8, max_features='sqrt', max_leaf_nodes=None,
                      max_samples=None, min_impurity_decrease=0.01,
                      min_impurity_split=None, min_samples_leaf=4,
                      min_samples_split=9, min_weight_fraction_leaf=0.0,
                      n_estimators=180, n_jobs=-1, oob_score=False,
                      random_state=309, verbose=0, warm_start=False)
2021-04-09 10:39:07,955:INFO:Initializing create_model()
2021-04-09 10:39:07,955:INFO:create_model(estimator=RandomForestRegressor(bootstrap=False, ccp_alpha=0.0, criterion='mse',
                      max_depth=8, max_features='sqrt', max_leaf_nodes=None,
                      max_samples=None, min_impurity_decrease=0.01,
                      min_impurity_split=None, min_samples_leaf=4,
                      min_samples_split=9, min_weight_fraction_leaf=0.0,
                      n_estimators=180, n_jobs=-1, oob_score=False,
                      random_state=309, verbose=0, warm_start=False), fold=None, round=4, cross_validation=True, predict=True, fit_kwargs={}, groups=None, refit=True, verbose=False, system=False, metrics=None, display=None, kwargs={})
2021-04-09 10:39:07,956:INFO:Checking exceptions
2021-04-09 10:39:07,956:INFO:Importing libraries
2021-04-09 10:39:07,956:INFO:Copying training dataset
2021-04-09 10:39:07,956:INFO:Defining folds
2021-04-09 10:39:07,956:INFO:Declaring metric variables
2021-04-09 10:39:07,956:INFO:Importing untrained model
2021-04-09 10:39:07,956:INFO:Declaring custom model
2021-04-09 10:39:07,957:INFO:Random Forest Regressor Imported succesfully
2021-04-09 10:39:07,957:INFO:Starting cross validation
2021-04-09 10:39:07,957:INFO:Cross validating with KFold(n_splits=10, random_state=None, shuffle=False), n_jobs=-1
2021-04-09 10:39:09,063:INFO:Calculating mean and std
2021-04-09 10:39:09,065:INFO:Creating metrics dataframe
2021-04-09 10:39:09,077:INFO:Finalizing model
2021-04-09 10:39:09,727:INFO:Uploading results into container
2021-04-09 10:39:09,727:INFO:Uploading model into container now
2021-04-09 10:39:09,727:INFO:create_model_container: 22
2021-04-09 10:39:09,728:INFO:master_model_container: 22
2021-04-09 10:39:09,728:INFO:display_container: 7
2021-04-09 10:39:09,728:INFO:RandomForestRegressor(bootstrap=False, ccp_alpha=0.0, criterion='mse',
                      max_depth=8, max_features='sqrt', max_leaf_nodes=None,
                      max_samples=None, min_impurity_decrease=0.01,
                      min_impurity_split=None, min_samples_leaf=4,
                      min_samples_split=9, min_weight_fraction_leaf=0.0,
                      n_estimators=180, n_jobs=-1, oob_score=False,
                      random_state=309, verbose=0, warm_start=False)
2021-04-09 10:39:09,728:INFO:create_model() succesfully completed......................................
2021-04-09 10:39:09,816:INFO:create_model_container: 22
2021-04-09 10:39:09,816:INFO:master_model_container: 22
2021-04-09 10:39:09,816:INFO:display_container: 6
2021-04-09 10:39:09,817:INFO:RandomForestRegressor(bootstrap=False, ccp_alpha=0.0, criterion='mse',
                      max_depth=8, max_features='sqrt', max_leaf_nodes=None,
                      max_samples=None, min_impurity_decrease=0.01,
                      min_impurity_split=None, min_samples_leaf=4,
                      min_samples_split=9, min_weight_fraction_leaf=0.0,
                      n_estimators=180, n_jobs=-1, oob_score=False,
                      random_state=309, verbose=0, warm_start=False)
2021-04-09 10:39:09,817:INFO:finalize_model() succesfully completed......................................
2021-04-09 10:39:17,615:INFO:Initializing save_model()
2021-04-09 10:39:17,615:INFO:save_model(model=RandomForestRegressor(bootstrap=False, ccp_alpha=0.0, criterion='mse',
                      max_depth=8, max_features='sqrt', max_leaf_nodes=None,
                      max_samples=None, min_impurity_decrease=0.01,
                      min_impurity_split=None, min_samples_leaf=4,
                      min_samples_split=9, min_weight_fraction_leaf=0.0,
                      n_estimators=180, n_jobs=-1, oob_score=False,
                      random_state=309, verbose=0, warm_start=False), model_name=realestate_rf, prep_pipe_=Pipeline(memory=None,
         steps=[('dtypes',
                 DataTypes_Auto_infer(categorical_features=[],
                                      display_types=True, features_todrop=[],
                                      id_columns=[], ml_usecase='regression',
                                      numerical_features=[], target='UnitPrice',
                                      time_features=[])),
                ('imputer',
                 Simple_Imputer(categorical_strategy='not_available',
                                fill_value_categorical=None,
                                fill_value_numerical=None,
                                numeric_strate...
                ('scaling', 'passthrough'), ('P_transform', 'passthrough'),
                ('binn', 'passthrough'), ('rem_outliers', 'passthrough'),
                ('cluster_all', 'passthrough'),
                ('dummy', Dummify(target='UnitPrice')),
                ('fix_perfect', Remove_100(target='UnitPrice')),
                ('clean_names', Clean_Colum_Names()),
                ('feature_select', 'passthrough'), ('fix_multi', 'passthrough'),
                ('dfs', 'passthrough'), ('pca', 'passthrough')],
         verbose=False), verbose=True)
2021-04-09 10:39:17,615:INFO:Adding model into prep_pipe
2021-04-09 10:39:17,669:INFO:realestate_rf.pkl saved in current working directory
2021-04-09 10:39:17,673:INFO:Pipeline(memory=None,
         steps=[('dtypes',
                 DataTypes_Auto_infer(categorical_features=[],
                                      display_types=True, features_todrop=[],
                                      id_columns=[], ml_usecase='regression',
                                      numerical_features=[], target='UnitPrice',
                                      time_features=[])),
                ('imputer',
                 Simple_Imputer(categorical_strategy='not_available',
                                fill_value_categorical=None,
                                fill_value_numerical=None,
                                numeric_strate...
                 RandomForestRegressor(bootstrap=False, ccp_alpha=0.0,
                                       criterion='mse', max_depth=8,
                                       max_features='sqrt', max_leaf_nodes=None,
                                       max_samples=None,
                                       min_impurity_decrease=0.01,
                                       min_impurity_split=None,
                                       min_samples_leaf=4, min_samples_split=9,
                                       min_weight_fraction_leaf=0.0,
                                       n_estimators=180, n_jobs=-1,
                                       oob_score=False, random_state=309,
                                       verbose=0, warm_start=False)]],
         verbose=False)
2021-04-09 10:39:17,673:INFO:save_model() succesfully completed......................................
